2021-05-30 12:14:26.160 [NODEPAD] Project jmrlab created
2021-05-30 12:14:26.177 [NODEPAD] Strting project 'jmrlab'...
2021-05-30 14:14:26.380 +02:00: Starting project jmrlab (port: 3001)...
2021-05-30 14:14:34.574 +02:00: Request GET /
2021-05-30 14:14:34.704 +02:00: Request GET /favicon.ico
2021-05-30 12:14:51.562 [NODEPAD] Uploading new content to 'jmrlab'
2021-05-30 12:14:51.674 [NODEPAD] Uploading of 'jmrlab' completed
2021-05-30 12:14:51.676 [NODEPAD] Extracting 'jmrlab'...
2021-05-30 12:14:51.689 [NODEPAD] Content of 'jmrlab' extracted
2021-05-30 12:14:51.706 [NODEPAD] Stopping project 'jmrlab'...
2021-05-30 12:14:51.866 [NODEPAD] Installing 'jmrlab'...
2021-05-30 12:14:51.920 [NODEPAD] Content of 'jmrlab' installed
2021-05-30 12:14:51.942 [NODEPAD] Strting project 'jmrlab'...
2021-05-30 14:14:52.125 +02:00: Starting project jmrlab (port: 3001)...
2021-05-30 14:14:53.360 +02:00: Request GET /
2021-05-30 14:14:53.441 +02:00: Request GET /favicon.ico
2021-05-30 16:16:52.008 +02:00: Request GET /favicon.ico
2021-05-30 16:16:55.516 +02:00: Request GET /
2021-05-30 16:16:55.597 +02:00: Request GET /favicon.ico
2021-05-30 16:16:56.388 +02:00: Request GET /
2021-05-30 16:16:56.457 +02:00: Request GET /favicon.ico
2021-05-30 16:33:09.443 +02:00: Request GET /
2021-05-30 16:33:09.565 +02:00: Request GET /favicon.ico
2021-05-30 16:33:10.103 +02:00: Request GET /
2021-05-30 16:33:10.193 +02:00: Request GET /favicon.ico
2021-05-30 16:33:10.507 +02:00: Request GET /
2021-05-30 16:33:10.613 +02:00: Request GET /favicon.ico
2021-05-30 16:33:32.025 +02:00: Request GET /
2021-05-30 16:33:32.209 +02:00: Request GET /favicon.ico
2021-05-30 16:33:32.545 +02:00: Request GET /
2021-05-30 16:33:32.605 +02:00: Request GET /favicon.ico
2021-05-30 16:40:38.329 +02:00: Request GET /
2021-05-30 16:40:38.447 +02:00: Request GET /favicon.ico
2021-05-30 16:40:38.942 +02:00: Request GET /
2021-05-30 16:40:39.006 +02:00: Request GET /favicon.ico
2021-05-30 16:40:39.442 +02:00: Request GET /
2021-05-30 16:40:39.509 +02:00: Request GET /favicon.ico
2021-05-30 16:41:13.947 +02:00: Request GET /
2021-05-30 16:41:14.060 +02:00: Request GET /favicon.ico
2021-05-30 16:41:24.334 +02:00: Request GET /
2021-05-30 16:41:24.442 +02:00: Request GET /favicon.ico
2021-05-30 16:41:24.940 +02:00: Request GET /
2021-05-30 16:41:25.009 +02:00: Request GET /favicon.ico
2021-05-30 16:41:25.175 +02:00: Request GET /
2021-05-30 16:41:25.274 +02:00: Request GET /
2021-05-30 16:41:25.277 +02:00: Request GET /favicon.ico
2021-05-30 16:41:25.392 +02:00: Request GET /favicon.ico
2021-05-30 16:41:25.398 +02:00: Request GET /
2021-05-30 16:41:25.475 +02:00: Request GET /favicon.ico
2021-05-30 16:41:25.575 +02:00: Request GET /
2021-05-30 16:41:25.642 +02:00: Request GET /favicon.ico
2021-05-30 16:41:25.770 +02:00: Request GET /
2021-05-30 16:41:25.854 +02:00: Request GET /favicon.ico
2021-05-30 16:41:25.953 +02:00: Request GET /
2021-05-30 16:41:26.025 +02:00: Request GET /favicon.ico
2021-05-30 16:41:26.142 +02:00: Request GET /
2021-05-30 16:41:26.211 +02:00: Request GET /favicon.ico
2021-05-30 16:41:26.351 +02:00: Request GET /
2021-05-30 16:41:26.429 +02:00: Request GET /favicon.ico
2021-05-30 16:41:26.529 +02:00: Request GET /
2021-05-30 16:41:26.595 +02:00: Request GET /favicon.ico
2021-05-30 16:41:26.733 +02:00: Request GET /
2021-05-30 16:41:26.804 +02:00: Request GET /favicon.ico
2021-05-30 16:41:26.934 +02:00: Request GET /
2021-05-30 16:41:27.006 +02:00: Request GET /favicon.ico
2021-05-30 16:41:27.128 +02:00: Request GET /
2021-05-30 16:41:27.196 +02:00: Request GET /favicon.ico
2021-05-30 16:41:27.329 +02:00: Request GET /
2021-05-30 16:41:27.396 +02:00: Request GET /favicon.ico
2021-05-30 16:41:27.523 +02:00: Request GET /
2021-05-30 16:41:27.592 +02:00: Request GET /favicon.ico
2021-05-30 16:41:27.702 +02:00: Request GET /
2021-05-30 16:41:27.775 +02:00: Request GET /favicon.ico
2021-05-30 16:41:33.822 +02:00: Request GET /
2021-05-30 16:41:33.894 +02:00: Request GET /favicon.ico
2021-05-30 16:41:37.211 +02:00: Request GET /
2021-05-30 16:41:37.278 +02:00: Request GET /favicon.ico
2021-05-30 16:41:37.466 +02:00: Request GET /
2021-05-30 16:41:37.534 +02:00: Request GET /favicon.ico
2021-05-30 16:41:37.697 +02:00: Request GET /
2021-05-30 16:41:37.782 +02:00: Request GET /favicon.ico
2021-05-30 16:41:37.893 +02:00: Request GET /
2021-05-30 16:41:37.961 +02:00: Request GET /favicon.ico
2021-05-30 16:41:38.129 +02:00: Request GET /
2021-05-30 16:41:38.200 +02:00: Request GET /favicon.ico
2021-05-30 16:41:38.323 +02:00: Request GET /
2021-05-30 16:41:38.395 +02:00: Request GET /favicon.ico
2021-05-30 16:41:43.391 +02:00: Request GET /
2021-05-30 16:41:43.463 +02:00: Request GET /favicon.ico
2021-05-30 16:41:50.945 +02:00: Request GET /
2021-05-30 16:41:51.016 +02:00: Request GET /favicon.ico
2021-05-30 16:41:51.165 +02:00: Request GET /
2021-05-30 16:41:51.234 +02:00: Request GET /favicon.ico
2021-05-30 16:41:51.368 +02:00: Request GET /
2021-05-30 16:41:51.439 +02:00: Request GET /favicon.ico
2021-05-30 16:41:51.559 +02:00: Request GET /
2021-05-30 16:41:51.622 +02:00: Request GET /favicon.ico
2021-05-30 16:41:51.748 +02:00: Request GET /
2021-05-30 16:41:51.817 +02:00: Request GET /favicon.ico
2021-05-30 16:41:51.932 +02:00: Request GET /
2021-05-30 16:41:51.999 +02:00: Request GET /favicon.ico
2021-05-30 16:41:52.122 +02:00: Request GET /
2021-05-30 16:41:52.188 +02:00: Request GET /favicon.ico
2021-05-30 16:41:52.322 +02:00: Request GET /
2021-05-30 16:41:52.388 +02:00: Request GET /favicon.ico
2021-05-30 16:41:52.527 +02:00: Request GET /
2021-05-30 16:41:52.599 +02:00: Request GET /favicon.ico
2021-05-30 16:41:52.729 +02:00: Request GET /
2021-05-30 16:41:52.797 +02:00: Request GET /favicon.ico
2021-05-30 16:41:52.927 +02:00: Request GET /
2021-05-30 16:41:52.999 +02:00: Request GET /favicon.ico
2021-05-30 16:41:53.113 +02:00: Request GET /
2021-05-30 16:41:53.178 +02:00: Request GET /favicon.ico
2021-05-30 16:41:53.309 +02:00: Request GET /
2021-05-30 16:41:53.383 +02:00: Request GET /favicon.ico
2021-05-30 16:41:53.509 +02:00: Request GET /
2021-05-30 16:41:53.572 +02:00: Request GET /favicon.ico
2021-05-30 16:41:53.697 +02:00: Request GET /
2021-05-30 16:41:53.769 +02:00: Request GET /favicon.ico
2021-05-30 16:41:53.904 +02:00: Request GET /
2021-05-30 16:41:53.978 +02:00: Request GET /favicon.ico
2021-05-30 16:41:54.121 +02:00: Request GET /
2021-05-30 16:41:54.187 +02:00: Request GET /favicon.ico
2021-05-30 16:41:54.328 +02:00: Request GET /
2021-05-30 16:41:54.403 +02:00: Request GET /favicon.ico
2021-05-30 16:41:54.542 +02:00: Request GET /
2021-05-30 16:41:54.610 +02:00: Request GET /favicon.ico
2021-05-30 16:41:54.732 +02:00: Request GET /
2021-05-30 16:41:54.809 +02:00: Request GET /favicon.ico
2021-05-30 16:41:54.922 +02:00: Request GET /
2021-05-30 16:41:54.991 +02:00: Request GET /favicon.ico
2021-05-30 16:41:55.122 +02:00: Request GET /
2021-05-30 16:41:55.190 +02:00: Request GET /favicon.ico
2021-05-30 16:41:55.299 +02:00: Request GET /
2021-05-30 16:41:55.370 +02:00: Request GET /favicon.ico
2021-05-30 16:41:55.475 +02:00: Request GET /
2021-05-30 16:41:55.541 +02:00: Request GET /favicon.ico
2021-05-30 16:41:55.635 +02:00: Request GET /
2021-05-30 16:41:55.704 +02:00: Request GET /favicon.ico
2021-05-30 16:41:55.810 +02:00: Request GET /
2021-05-30 16:41:55.878 +02:00: Request GET /favicon.ico
2021-05-30 16:41:55.978 +02:00: Request GET /
2021-05-30 16:41:56.044 +02:00: Request GET /favicon.ico
2021-05-30 16:41:56.149 +02:00: Request GET /
2021-05-30 16:41:56.220 +02:00: Request GET /favicon.ico
2021-05-30 16:41:56.319 +02:00: Request GET /
2021-05-30 16:41:56.390 +02:00: Request GET /favicon.ico
2021-05-30 16:41:56.498 +02:00: Request GET /
2021-05-30 16:41:56.568 +02:00: Request GET /favicon.ico
2021-05-30 16:41:56.715 +02:00: Request GET /
2021-05-30 16:41:56.782 +02:00: Request GET /favicon.ico
2021-05-30 16:41:57.009 +02:00: Request GET /
2021-05-30 16:41:57.079 +02:00: Request GET /favicon.ico
2021-05-30 16:41:57.234 +02:00: Request GET /
2021-05-30 16:41:57.303 +02:00: Request GET /favicon.ico
2021-05-30 16:41:57.412 +02:00: Request GET /
2021-05-30 16:41:57.479 +02:00: Request GET /favicon.ico
2021-05-30 16:41:57.604 +02:00: Request GET /
2021-05-30 16:41:57.670 +02:00: Request GET /favicon.ico
2021-05-30 16:41:57.783 +02:00: Request GET /
2021-05-30 16:41:57.856 +02:00: Request GET /favicon.ico
2021-05-30 16:41:57.934 +02:00: Request GET /
2021-05-30 16:41:58.003 +02:00: Request GET /favicon.ico
2021-05-30 16:41:58.116 +02:00: Request GET /
2021-05-30 16:41:58.184 +02:00: Request GET /favicon.ico
2021-05-30 16:42:07.978 +02:00: Request GET /
2021-05-30 16:42:08.056 +02:00: Request GET /favicon.ico
