2021-06-03 19:22:47.505 [NODEPAD] Application jmrlab created
2021-06-03 19:22:47.515 [NODEPAD] Strting application 'jmrlab'...
2021-06-03 21:22:47.759 +02:00: Starting application jmrlab (port: 3002)...
2021-06-03 21:27:17.303 +02:00: Request GET /
2021-06-03 21:27:17.410 +02:00: Request GET /favicon.ico
2021-06-03 21:33:31.571 +02:00: Starting application jmrlab (port: 3002)...
2021-06-04 07:17:56.064 [NODEPAD] Strting application 'jmrlab'...
2021-06-04 09:17:56.240 +02:00: Starting application jmrlab (port: 3002)...
2021-06-04 08:49:30.141 [NODEPAD] Strting application 'jmrlab'...
2021-06-04 10:49:30.289 +02:00: Starting application jmrlab (port: 3002)...
2021-06-04 08:49:32.104 [NODEPAD] Stopping application 'jmrlab'...
2021-06-04 08:49:35.468 [NODEPAD] Strting application 'jmrlab'...
2021-06-04 10:49:35.610 +02:00: Starting application jmrlab (port: 3002)...
2021-06-04 08:49:37.580 [NODEPAD] Stopping application 'jmrlab'...
2021-06-04 08:49:39.761 [NODEPAD] Strting application 'jmrlab'...
2021-06-04 10:49:39.907 +02:00: Starting application jmrlab (port: 3002)...
2021-06-04 10:49:46.891 +02:00: Request GET /
2021-06-04 10:49:46.988 +02:00: Request GET /favicon.ico
2021-06-04 08:49:51.373 [NODEPAD] Stopping application 'jmrlab'...
2021-06-04 08:49:55.761 [NODEPAD] Strting application 'jmrlab'...
2021-06-04 10:49:55.901 +02:00: Starting application jmrlab (port: 3002)...
2021-06-04 10:49:57.214 +02:00: Request GET /
2021-06-04 10:49:57.314 +02:00: Request GET /favicon.ico
2021-06-04 08:50:30.751 [NODEPAD] Stopping application 'jmrlab'...
2021-06-04 08:50:32.466 [NODEPAD] Strting application 'jmrlab'...
2021-06-04 10:50:32.601 +02:00: Starting application jmrlab (port: 3002)...
2021-06-04 08:50:38.635 [NODEPAD] Stopping application 'jmrlab'...
2021-06-04 08:50:39.892 [NODEPAD] Strting application 'jmrlab'...
2021-06-04 10:50:40.033 +02:00: Starting application jmrlab (port: 3002)...
2021-06-04 08:50:41.044 [NODEPAD] Stopping application 'jmrlab'...
2021-06-04 08:50:42.753 [NODEPAD] Strting application 'jmrlab'...
2021-06-04 10:50:42.912 +02:00: Starting application jmrlab (port: 3002)...
2021-06-04 08:50:44.626 [NODEPAD] Stopping application 'jmrlab'...
2021-06-04 08:50:47.531 [NODEPAD] Strting application 'jmrlab'...
2021-06-04 10:50:47.669 +02:00: Starting application jmrlab (port: 3002)...
2021-06-04 08:50:53.279 [NODEPAD] Stopping application 'jmrlab'...
2021-06-04 08:50:55.422 [NODEPAD] Strting application 'jmrlab'...
2021-06-04 10:50:55.565 +02:00: Starting application jmrlab (port: 3002)...
2021-06-04 08:50:57.831 [NODEPAD] Stopping application 'jmrlab'...
2021-06-04 08:51:02.487 [NODEPAD] Strting application 'jmrlab'...
2021-06-04 10:51:02.640 +02:00: Starting application jmrlab (port: 3002)...
2021-06-04 08:51:14.958 [NODEPAD] Strting application 'jmrlab'...
2021-06-04 10:51:15.140 +02:00: Starting application jmrlab (port: 3002)...
2021-06-04 08:51:23.653 [NODEPAD] Strting application 'jmrlab'...
2021-06-04 10:51:23.833 +02:00: Starting application jmrlab (port: 3002)...
2021-06-04 08:51:34.217 [NODEPAD] Stopping application 'jmrlab'...
2021-06-04 08:51:37.118 [NODEPAD] Strting application 'jmrlab'...
2021-06-04 10:51:37.289 +02:00: Starting application jmrlab (port: 3002)...
2021-06-04 08:51:39.064 [NODEPAD] Stopping application 'jmrlab'...
2021-06-04 08:51:43.467 [NODEPAD] Strting application 'jmrlab'...
2021-06-04 10:51:43.636 +02:00: Starting application jmrlab (port: 3002)...
2021-06-04 08:51:44.815 [NODEPAD] Stopping application 'jmrlab'...
2021-06-04 08:51:49.258 [NODEPAD] Strting application 'jmrlab'...
2021-06-04 10:51:49.425 +02:00: Starting application jmrlab (port: 3002)...
2021-06-04 08:51:50.495 [NODEPAD] Stopping application 'jmrlab'...
2021-06-04 08:51:51.797 [NODEPAD] Strting application 'jmrlab'...
2021-06-04 10:51:51.958 +02:00: Starting application jmrlab (port: 3002)...
2021-06-04 08:51:53.062 [NODEPAD] Stopping application 'jmrlab'...
2021-06-04 08:51:54.604 [NODEPAD] Strting application 'jmrlab'...
2021-06-04 10:51:54.765 +02:00: Starting application jmrlab (port: 3002)...
2021-06-04 08:52:16.193 [NODEPAD] Stopping application 'jmrlab'...
2021-06-04 08:52:17.043 [NODEPAD] Strting application 'jmrlab'...
2021-06-04 10:52:17.200 +02:00: Starting application jmrlab (port: 3002)...
2021-06-04 08:52:18.528 [NODEPAD] Stopping application 'jmrlab'...
2021-06-04 08:52:19.748 [NODEPAD] Strting application 'jmrlab'...
2021-06-04 10:52:19.913 +02:00: Starting application jmrlab (port: 3002)...
2021-06-04 08:53:13.993 [NODEPAD] Stopping application 'jmrlab'...
2021-06-04 08:53:15.716 [NODEPAD] Strting application 'jmrlab'...
2021-06-04 10:53:15.879 +02:00: Starting application jmrlab (port: 3002)...
2021-06-04 08:53:16.566 [NODEPAD] Stopping application 'jmrlab'...
2021-06-04 08:53:17.209 [NODEPAD] Strting application 'jmrlab'...
2021-06-04 10:53:17.390 +02:00: Starting application jmrlab (port: 3002)...
2021-06-04 08:53:17.944 [NODEPAD] Stopping application 'jmrlab'...
2021-06-04 08:53:18.654 [NODEPAD] Strting application 'jmrlab'...
2021-06-04 10:53:18.812 +02:00: Starting application jmrlab (port: 3002)...
2021-06-04 08:53:19.234 [NODEPAD] Stopping application 'jmrlab'...
2021-06-04 08:53:26.198 [NODEPAD] Strting application 'jmrlab'...
2021-06-04 10:53:26.359 +02:00: Starting application jmrlab (port: 3002)...
2021-06-04 08:53:27.143 [NODEPAD] Stopping application 'jmrlab'...
2021-06-04 08:53:35.668 [NODEPAD] Strting application 'jmrlab'...
2021-06-04 10:53:35.838 +02:00: Starting application jmrlab (port: 3002)...
2021-06-04 08:53:36.341 [NODEPAD] Stopping application 'jmrlab'...
2021-06-04 08:53:37.016 [NODEPAD] Strting application 'jmrlab'...
2021-06-04 10:53:37.183 +02:00: Starting application jmrlab (port: 3002)...
2021-06-04 08:53:37.689 [NODEPAD] Stopping application 'jmrlab'...
2021-06-04 08:53:38.360 [NODEPAD] Strting application 'jmrlab'...
2021-06-04 10:53:38.526 +02:00: Starting application jmrlab (port: 3002)...
2021-06-04 08:53:38.972 [NODEPAD] Stopping application 'jmrlab'...
2021-06-04 08:53:39.660 [NODEPAD] Strting application 'jmrlab'...
2021-06-04 10:53:39.848 +02:00: Starting application jmrlab (port: 3002)...
2021-06-04 08:53:40.276 [NODEPAD] Stopping application 'jmrlab'...
2021-06-04 08:53:40.962 [NODEPAD] Strting application 'jmrlab'...
2021-06-04 10:53:41.130 +02:00: Starting application jmrlab (port: 3002)...
2021-06-04 08:53:41.581 [NODEPAD] Stopping application 'jmrlab'...
2021-06-04 08:53:42.296 [NODEPAD] Strting application 'jmrlab'...
2021-06-04 10:53:42.469 +02:00: Starting application jmrlab (port: 3002)...
2021-06-04 08:53:44.244 [NODEPAD] Stopping application 'jmrlab'...
2021-06-04 08:53:45.138 [NODEPAD] Strting application 'jmrlab'...
2021-06-04 10:53:45.321 +02:00: Starting application jmrlab (port: 3002)...
2021-06-04 08:53:45.946 [NODEPAD] Stopping application 'jmrlab'...
2021-06-04 08:53:46.787 [NODEPAD] Strting application 'jmrlab'...
2021-06-04 10:53:46.963 +02:00: Starting application jmrlab (port: 3002)...
2021-06-04 08:53:56.267 [NODEPAD] Stopping application 'jmrlab'...
2021-06-04 08:53:57.080 [NODEPAD] Strting application 'jmrlab'...
2021-06-04 10:53:57.241 +02:00: Starting application jmrlab (port: 3002)...
2021-06-04 08:53:57.711 [NODEPAD] Stopping application 'jmrlab'...
2021-06-04 08:54:08.355 [NODEPAD] Strting application 'jmrlab'...
2021-06-04 10:54:08.521 +02:00: Starting application jmrlab (port: 3002)...
2021-06-04 08:54:09.520 [NODEPAD] Stopping application 'jmrlab'...
2021-06-04 08:54:10.817 [NODEPAD] Strting application 'jmrlab'...
2021-06-04 10:54:10.983 +02:00: Starting application jmrlab (port: 3002)...
2021-06-04 08:57:36.104 [NODEPAD] Stopping application 'jmrlab'...
2021-06-04 08:57:36.604 [NODEPAD] Strting application 'jmrlab'...
2021-06-04 10:57:36.769 +02:00: Starting application jmrlab (port: 3002)...
2021-06-04 08:57:38.063 [NODEPAD] Stopping application 'jmrlab'...
2021-06-04 08:57:44.318 [NODEPAD] Strting application 'jmrlab'...
2021-06-04 10:57:44.484 +02:00: Starting application jmrlab (port: 3002)...
2021-06-04 08:57:45.649 [NODEPAD] Stopping application 'jmrlab'...
2021-06-04 08:59:11.417 [NODEPAD] Strting application 'jmrlab'...
2021-06-04 10:59:11.597 +02:00: Starting application jmrlab (port: 3002)...
2021-06-04 08:59:13.952 [NODEPAD] Stopping application 'jmrlab'...
2021-06-04 08:59:15.472 [NODEPAD] Strting application 'jmrlab'...
2021-06-04 10:59:15.649 +02:00: Starting application jmrlab (port: 3002)...
2021-06-04 08:59:21.328 [NODEPAD] Stopping application 'jmrlab'...
2021-06-04 08:59:23.410 [NODEPAD] Strting application 'jmrlab'...
2021-06-04 10:59:23.575 +02:00: Starting application jmrlab (port: 3002)...
2021-06-04 08:59:24.534 [NODEPAD] Stopping application 'jmrlab'...
2021-06-04 08:59:26.676 [NODEPAD] Strting application 'jmrlab'...
2021-06-04 10:59:26.843 +02:00: Starting application jmrlab (port: 3002)...
2021-06-04 08:59:27.312 [NODEPAD] Stopping application 'jmrlab'...
2021-06-04 08:59:29.193 [NODEPAD] Strting application 'jmrlab'...
2021-06-04 10:59:29.354 +02:00: Starting application jmrlab (port: 3002)...
2021-06-04 08:59:29.994 [NODEPAD] Stopping application 'jmrlab'...
2021-06-04 08:59:36.267 [NODEPAD] Strting application 'jmrlab'...
2021-06-04 10:59:36.425 +02:00: Starting application jmrlab (port: 3002)...
2021-06-04 09:00:04.309 [NODEPAD] Stopping application 'jmrlab'...
2021-06-04 09:00:06.142 [NODEPAD] Strting application 'jmrlab'...
2021-06-04 11:00:06.303 +02:00: Starting application jmrlab (port: 3002)...
2021-06-04 09:00:19.666 [NODEPAD] Stopping application 'jmrlab'...
2021-06-04 09:00:20.825 [NODEPAD] Strting application 'jmrlab'...
2021-06-04 11:00:20.984 +02:00: Starting application jmrlab (port: 3002)...
2021-06-04 09:00:22.477 [NODEPAD] Stopping application 'jmrlab'...
2021-06-04 09:00:24.062 [NODEPAD] Strting application 'jmrlab'...
2021-06-04 11:00:24.217 +02:00: Starting application jmrlab (port: 3002)...
2021-06-04 09:00:28.280 [NODEPAD] Stopping application 'jmrlab'...
2021-06-04 09:00:29.179 [NODEPAD] Strting application 'jmrlab'...
2021-06-04 11:00:29.338 +02:00: Starting application jmrlab (port: 3002)...
2021-06-04 09:00:31.093 [NODEPAD] Stopping application 'jmrlab'...
2021-06-04 09:00:33.000 [NODEPAD] Strting application 'jmrlab'...
2021-06-04 11:00:33.158 +02:00: Starting application jmrlab (port: 3002)...
2021-06-04 09:00:39.261 [NODEPAD] Stopping application 'jmrlab'...
2021-06-04 16:08:01.763 [NODEPAD] Strting application 'jmrlab'...
2021-06-04 18:08:01.969 +02:00: Starting application jmrlab (port: 3002)...
2021-06-04 16:08:07.367 [NODEPAD] Stopping application 'jmrlab'...
2021-06-06 06:10:42.539 [NODEPAD] Strting application 'jmrlab'...
2021-06-06 08:10:42.723 +02:00: Starting application jmrlab (port: 3002)...
2021-06-06 08:10:44.954 +02:00: Request GET /
2021-06-06 08:10:45.097 +02:00: Request GET /favicon.ico
2021-06-06 06:10:50.105 [NODEPAD] Stopping application 'jmrlab'...
2021-06-06 06:10:54.541 [NODEPAD] Strting application 'jmrlab'...
2021-06-06 08:10:54.716 +02:00: Starting application jmrlab (port: 3002)...
2021-06-06 11:44:06.133 [NODEPAD] Stopping application 'jmrlab'...
2021-06-06 11:44:07.107 [NODEPAD] Strting application 'jmrlab'...
2021-06-06 13:44:07.269 +02:00: Starting application jmrlab (port: 3002)...
2021-06-06 11:44:57.316 [NODEPAD] Stopping application 'jmrlab'...
2021-06-06 11:45:00.555 [NODEPAD] Strting application 'jmrlab'...
2021-06-06 13:45:00.712 +02:00: Starting application jmrlab (port: 3002)...
2021-06-06 11:45:01.195 [NODEPAD] Stopping application 'jmrlab'...
2021-06-06 11:45:01.906 [NODEPAD] Strting application 'jmrlab'...
2021-06-06 13:45:02.065 +02:00: Starting application jmrlab (port: 3002)...
2021-06-06 11:46:09.206 [NODEPAD] Stopping application 'jmrlab'...
2021-06-06 11:46:16.592 [NODEPAD] Strting application 'jmrlab'...
2021-06-06 13:46:16.751 +02:00: Starting application jmrlab (port: 3002)...
2021-06-06 11:47:16.444 [NODEPAD] Stopping application 'jmrlab'...
2021-06-06 11:47:18.103 [NODEPAD] Strting application 'jmrlab'...
2021-06-06 13:47:18.276 +02:00: Starting application jmrlab (port: 3002)...
2021-06-06 11:47:20.566 [NODEPAD] Stopping application 'jmrlab'...
2021-06-06 11:47:21.681 [NODEPAD] Strting application 'jmrlab'...
2021-06-06 13:47:21.846 +02:00: Starting application jmrlab (port: 3002)...
2021-06-06 11:48:39.488 [NODEPAD] Stopping application 'jmrlab'...
2021-06-06 11:48:43.616 [NODEPAD] Strting application 'jmrlab'...
2021-06-06 13:48:43.780 +02:00: Starting application jmrlab (port: 3002)...
2021-06-06 11:48:49.679 [NODEPAD] Stopping application 'jmrlab'...
2021-06-06 11:48:51.698 [NODEPAD] Strting application 'jmrlab'...
2021-06-06 13:48:51.871 +02:00: Starting application jmrlab (port: 3002)...
2021-06-06 11:48:56.919 [NODEPAD] Stopping application 'jmrlab'...
2021-06-06 11:48:58.505 [NODEPAD] Strting application 'jmrlab'...
2021-06-06 13:48:58.670 +02:00: Starting application jmrlab (port: 3002)...
2021-06-06 11:49:03.330 [NODEPAD] Stopping application 'jmrlab'...
2021-06-06 11:49:04.924 [NODEPAD] Strting application 'jmrlab'...
2021-06-06 13:49:05.083 +02:00: Starting application jmrlab (port: 3002)...
2021-06-06 11:49:06.261 [NODEPAD] Stopping application 'jmrlab'...
2021-06-06 11:49:08.277 [NODEPAD] Strting application 'jmrlab'...
2021-06-06 13:49:08.454 +02:00: Starting application jmrlab (port: 3002)...
2021-06-06 11:49:10.375 [NODEPAD] Stopping application 'jmrlab'...
2021-06-06 11:49:11.901 [NODEPAD] Strting application 'jmrlab'...
2021-06-06 13:49:12.057 +02:00: Starting application jmrlab (port: 3002)...
2021-06-06 11:51:03.343 [NODEPAD] Stopping application 'jmrlab'...
2021-06-06 11:51:05.494 [NODEPAD] Strting application 'jmrlab'...
2021-06-06 13:51:05.676 +02:00: Starting application jmrlab (port: 3002)...
2021-06-06 11:51:07.237 [NODEPAD] Stopping application 'jmrlab'...
2021-06-06 11:51:09.969 [NODEPAD] Strting application 'jmrlab'...
2021-06-06 13:51:10.149 +02:00: Starting application jmrlab (port: 3002)...
2021-06-06 11:51:11.573 [NODEPAD] Stopping application 'jmrlab'...
2021-06-06 11:51:13.821 [NODEPAD] Strting application 'jmrlab'...
2021-06-06 13:51:14.029 +02:00: Starting application jmrlab (port: 3002)...
2021-06-06 11:51:15.171 [NODEPAD] Stopping application 'jmrlab'...
2021-06-06 11:52:54.192 [NODEPAD] Strting application 'jmrlab'...
2021-06-06 13:52:54.414 +02:00: Starting application jmrlab (port: 3002)...
2021-06-06 11:54:11.747 [NODEPAD] Stopping application 'jmrlab'...
2021-06-06 11:54:14.625 [NODEPAD] Strting application 'jmrlab'...
2021-06-06 13:54:14.966 +02:00: Starting application jmrlab (port: 3002)...
2021-06-06 11:54:17.657 [NODEPAD] Stopping application 'jmrlab'...
2021-06-06 11:54:19.972 [NODEPAD] Strting application 'jmrlab'...
2021-06-06 13:54:20.443 +02:00: Starting application jmrlab (port: 3002)...
2021-06-06 11:54:29.763 [NODEPAD] Stopping application 'jmrlab'...
2021-06-06 11:54:32.693 [NODEPAD] Strting application 'jmrlab'...
2021-06-06 13:54:33.049 +02:00: Starting application jmrlab (port: 3002)...
2021-06-06 11:54:35.039 [NODEPAD] Stopping application 'jmrlab'...
2021-06-06 11:54:37.187 [NODEPAD] Strting application 'jmrlab'...
2021-06-06 13:54:37.559 +02:00: Starting application jmrlab (port: 3002)...
2021-06-06 11:54:40.703 [NODEPAD] Stopping application 'jmrlab'...
2021-06-06 13:49:17.737 [NODEPAD] Strting application 'jmrlab'...
2021-06-06 15:49:22.440 +02:00: Starting application jmrlab (port: 3002)...
2021-06-06 13:58:58.028 [NODEPAD] Stopping application 'jmrlab'...
2021-06-06 13:59:01.276 [NODEPAD] Strting application 'jmrlab'...
2021-06-06 15:59:01.450 +02:00: Starting application jmrlab (port: 3002)...
2021-06-06 15:59:08.941 +02:00: Request GET /
2021-06-06 15:59:09.060 +02:00: Request GET /favicon.ico
2021-06-06 19:50:05.457 [NODEPAD] Stopping application 'jmrlab'...
2021-06-06 19:50:06.165 [NODEPAD] Strting application 'jmrlab'...
2021-06-06 21:50:06.543 +02:00: Starting application jmrlab (port: 3002)...
2021-06-06 19:51:15.213 [NODEPAD] Stopping application 'jmrlab'...
2021-06-06 19:51:16.525 [NODEPAD] Strting application 'jmrlab'...
2021-06-06 21:51:16.685 +02:00: Starting application jmrlab (port: 3002)...
2021-06-06 23:53:33.672 +02:00: Request GET /
2021-06-06 23:53:33.772 +02:00: Request GET /favicon.ico
2021-06-06 23:53:35.759 +02:00: Request GET /
2021-06-06 23:53:35.823 +02:00: Request GET /favicon.ico
2021-06-06 23:54:16.190 +02:00: Request GET /
2021-06-06 23:54:16.288 +02:00: Request GET /favicon.ico
2021-06-06 23:54:16.672 +02:00: Request GET /
2021-06-06 23:54:16.733 +02:00: Request GET /favicon.ico
2021-06-06 23:54:16.895 +02:00: Request GET /
2021-06-06 23:54:16.953 +02:00: Request GET /favicon.ico
2021-06-06 23:54:17.095 +02:00: Request GET /
2021-06-06 23:54:17.160 +02:00: Request GET /favicon.ico
2021-06-06 23:54:17.844 +02:00: Request GET /
2021-06-06 23:54:17.900 +02:00: Request GET /favicon.ico
2021-06-06 23:54:18.088 +02:00: Request GET /
2021-06-06 23:54:18.148 +02:00: Request GET /favicon.ico
2021-06-06 23:54:18.321 +02:00: Request GET /
2021-06-06 23:54:18.382 +02:00: Request GET /favicon.ico
2021-06-06 23:54:18.514 +02:00: Request GET /
2021-06-06 23:54:18.578 +02:00: Request GET /favicon.ico
2021-06-06 23:54:39.205 +02:00: Request GET /
2021-06-06 23:54:39.313 +02:00: Request GET /favicon.ico
2021-06-06 21:54:40.842 [NODEPAD] Uploading new content to 'jmrlab'
2021-06-06 21:54:40.945 [NODEPAD] Uploading of 'jmrlab' completed
2021-06-06 21:54:40.945 [NODEPAD] Extracting 'jmrlab'...
2021-06-06 21:54:40.947 [NODEPAD] Content of 'jmrlab' extracted
2021-06-06 21:54:40.962 [NODEPAD] Stopping application 'jmrlab'...
2021-06-06 21:54:41.106 [NODEPAD] Installing 'jmrlab'...
2021-06-06 21:54:41.160 [NODEPAD] Content of 'jmrlab' installed
2021-06-06 21:54:41.167 [NODEPAD] Strting application 'jmrlab'...
2021-06-06 23:54:41.314 +02:00: Starting application jmrlab (port: 3002)...
2021-06-06 23:54:44.012 +02:00: Request GET /
2021-06-06 23:54:44.080 +02:00: Request GET /favicon.ico
2021-06-06 23:54:44.695 +02:00: Request GET /
2021-06-06 23:54:44.756 +02:00: Request GET /favicon.ico
2021-06-06 21:55:03.487 [NODEPAD] Uploading new content to 'jmrlab'
2021-06-06 21:55:03.594 [NODEPAD] Uploading of 'jmrlab' completed
2021-06-06 21:55:03.594 [NODEPAD] Extracting 'jmrlab'...
2021-06-06 21:55:03.597 [NODEPAD] Content of 'jmrlab' extracted
2021-06-06 21:55:03.611 [NODEPAD] Stopping application 'jmrlab'...
2021-06-06 21:55:03.753 [NODEPAD] Installing 'jmrlab'...
2021-06-06 21:55:03.807 [NODEPAD] Content of 'jmrlab' installed
2021-06-06 21:55:03.814 [NODEPAD] Strting application 'jmrlab'...
2021-06-06 23:55:03.983 +02:00: Starting application jmrlab (port: 3002)...
2021-06-06 23:55:04.460 +02:00: Request GET /
2021-06-06 23:55:04.559 +02:00: Request GET /favicon.ico
2021-06-06 23:55:05.207 +02:00: Request GET /
2021-06-06 23:55:05.268 +02:00: Request GET /favicon.ico
2021-06-06 23:55:05.618 +02:00: Request GET /
2021-06-06 23:55:05.679 +02:00: Request GET /favicon.ico
2021-06-06 23:55:05.947 +02:00: Request GET /
2021-06-06 23:55:06.037 +02:00: Request GET /
2021-06-06 23:55:06.039 +02:00: Request GET /favicon.ico
2021-06-06 23:55:06.097 +02:00: Request GET /favicon.ico
2021-06-06 23:55:06.197 +02:00: Request GET /
2021-06-06 23:55:06.260 +02:00: Request GET /favicon.ico
2021-06-06 23:55:06.318 +02:00: Request GET /
2021-06-06 23:55:06.382 +02:00: Request GET /favicon.ico
2021-06-06 23:55:08.353 +02:00: Request GET /
2021-06-06 23:55:08.417 +02:00: Request GET /favicon.ico
2021-06-06 23:55:08.468 +02:00: Request GET /
2021-06-06 23:55:08.527 +02:00: Request GET /favicon.ico
2021-06-06 23:55:09.094 +02:00: Request GET /
2021-06-06 23:55:09.153 +02:00: Request GET /favicon.ico
2021-06-06 23:55:09.225 +02:00: Request GET /
2021-06-06 23:55:09.284 +02:00: Request GET /favicon.ico
2021-06-06 23:55:09.545 +02:00: Request GET /
2021-06-06 23:55:09.607 +02:00: Request GET /favicon.ico
2021-06-06 23:55:09.660 +02:00: Request GET /
2021-06-06 23:55:09.718 +02:00: Request GET /favicon.ico
2021-06-06 23:55:09.784 +02:00: Request GET /
2021-06-06 23:55:09.843 +02:00: Request GET /favicon.ico
2021-06-06 21:55:13.201 [NODEPAD] Stopping application 'jmrlab'...
2021-06-06 21:55:16.210 [NODEPAD] Strting application 'jmrlab'...
2021-06-06 23:55:16.365 +02:00: Starting application jmrlab (port: 3002)...
2021-06-06 23:55:17.579 +02:00: Request GET /
2021-06-06 23:55:17.639 +02:00: Request GET /favicon.ico
2021-06-06 23:55:18.089 +02:00: Request GET /
2021-06-06 23:55:18.149 +02:00: Request GET /favicon.ico
2021-06-06 23:55:18.437 +02:00: Request GET /
2021-06-06 23:55:18.517 +02:00: Request GET /favicon.ico
2021-06-06 23:55:18.658 +02:00: Request GET /
2021-06-06 23:55:18.720 +02:00: Request GET /favicon.ico
2021-06-06 23:55:18.852 +02:00: Request GET /
2021-06-06 23:55:18.913 +02:00: Request GET /favicon.ico
2021-06-07 00:00:47.823 +02:00: Request GET /
2021-06-07 00:00:47.884 +02:00: Request GET /favicon.ico
2021-06-06 22:05:20.809 [NODEPAD] Stopping application 'jmrlab'...
2021-06-06 22:05:22.254 [NODEPAD] Strting application 'jmrlab'...
2021-06-07 00:05:22.421 +02:00: Starting application jmrlab (port: 3002)...
2021-06-08 16:12:12.442 [NODEPAD] Strting application 'jmrlab'...
2021-06-08 18:12:12.616 +02:00: Starting application jmrlab (port: 3002)...
2021-06-08 18:12:14.600 +02:00: Request GET /
2021-06-08 18:12:14.680 +02:00: Request GET /favicon.ico
2021-06-08 18:12:37.375 +02:00: Request GET /
2021-06-08 18:12:37.487 +02:00: Request GET /favicon.ico
2021-06-08 16:12:40.690 [NODEPAD] Stopping application 'jmrlab'...
2021-06-08 16:12:41.660 [NODEPAD] Strting application 'jmrlab'...
2021-06-08 18:12:41.828 +02:00: Starting application jmrlab (port: 3002)...
2021-06-08 18:12:44.794 +02:00: Request GET /
2021-06-08 18:12:44.861 +02:00: Request GET /favicon.ico
2021-06-08 18:12:45.314 +02:00: Request GET /
2021-06-08 18:12:45.382 +02:00: Request GET /favicon.ico
2021-06-08 16:12:52.917 [NODEPAD] Uploading new content to 'jmrlab'
2021-06-08 16:12:53.024 [NODEPAD] Uploading of 'jmrlab' completed
2021-06-08 16:12:53.025 [NODEPAD] Extracting 'jmrlab'...
2021-06-08 16:12:53.031 [NODEPAD] Content of 'jmrlab' extracted
2021-06-08 16:12:53.047 [NODEPAD] Stopping application 'jmrlab'...
2021-06-08 16:12:53.191 [NODEPAD] Installing 'jmrlab'...
2021-06-08 16:12:53.249 [NODEPAD] Content of 'jmrlab' installed
2021-06-08 16:12:53.258 [NODEPAD] Strting application 'jmrlab'...
2021-06-08 18:12:53.439 +02:00: Starting application jmrlab (port: 3002)...
2021-06-08 18:12:55.119 +02:00: Request GET /
2021-06-08 18:12:55.221 +02:00: Request GET /favicon.ico
2021-06-08 16:18:49.092 [NODEPAD] Stopping application 'jmrlab'...
2021-06-08 16:18:50.130 [NODEPAD] Strting application 'jmrlab'...
2021-06-08 18:18:50.356 +02:00: Starting application jmrlab (port: 3002)...
2021-06-08 16:18:52.135 [NODEPAD] Stopping application 'jmrlab'...
2021-06-08 16:19:08.915 [NODEPAD] Strting application 'jmrlab'...
2021-06-08 18:19:09.095 +02:00: Starting application jmrlab (port: 3002)...
2021-06-08 16:19:09.670 [NODEPAD] Stopping application 'jmrlab'...
2021-06-08 16:20:03.500 [NODEPAD] Strting application 'jmrlab'...
2021-06-08 18:20:03.670 +02:00: Starting application jmrlab (port: 3002)...
2021-06-08 16:20:08.049 [NODEPAD] Stopping application 'jmrlab'...
2021-06-08 16:20:08.907 [NODEPAD] Strting application 'jmrlab'...
2021-06-08 18:20:09.080 +02:00: Starting application jmrlab (port: 3002)...
2021-06-09 12:05:18.148 +02:00: Request GET /
2021-06-09 12:05:18.633 +02:00: Request GET /favicon.ico
2021-06-09 12:05:30.070 +02:00: Request GET /
2021-06-09 12:05:30.138 +02:00: Request GET /favicon.ico
2021-06-09 12:08:58.066 +02:00: Request GET /
2021-06-09 12:08:58.165 +02:00: Request GET /favicon.ico
2021-06-09 12:12:32.776 +02:00: Request GET /
2021-06-09 12:12:32.888 +02:00: Request GET /favicon.ico
2021-06-09 10:14:56.794 [NODEPAD] Stopping application 'jmrlab'...
2021-06-09 10:15:03.434 [NODEPAD] Strting application 'jmrlab'...
2021-06-09 12:15:03.610 +02:00: Starting application jmrlab (port: 3002)...
2021-06-09 12:15:03.614 +02:00: Error: listen EADDRINUSE: address already in use :::3002
2021-06-09 12:15:03.614 +02:00:     at Server.setupListenHandle [as _listen2] (net.js:1314:16)
2021-06-09 12:15:03.614 +02:00:     at listenInCluster (net.js:1362:12)
2021-06-09 12:15:03.614 +02:00:     at Server.listen (net.js:1448:7)
2021-06-09 12:15:03.614 +02:00:     at Object.<anonymous> (/Users/kjamroz/Documents/dev/nodepad/repo/jmrlab.3002/bin/index.js:9:4)
2021-06-09 12:15:03.614 +02:00:     at Module._compile (internal/modules/cjs/loader.js:1176:30)
2021-06-09 12:15:03.614 +02:00:     at Object.Module._extensions..js (internal/modules/cjs/loader.js:1196:10)
2021-06-09 12:15:03.614 +02:00:     at Module.load (internal/modules/cjs/loader.js:1040:32)
2021-06-09 12:15:03.614 +02:00:     at Function.Module._load (internal/modules/cjs/loader.js:929:14)
2021-06-09 12:15:03.614 +02:00:     at Object.<anonymous> (/Users/kjamroz/Documents/dev/nodepad/node_modules/pm2/lib/ProcessContainerFork.js:33:23)
2021-06-09 12:15:03.614 +02:00:     at Module._compile (internal/modules/cjs/loader.js:1176:30) {
2021-06-09 12:15:03.614 +02:00:   code: 'EADDRINUSE',
2021-06-09 12:15:03.614 +02:00:   errno: -48,
2021-06-09 12:15:03.614 +02:00:   syscall: 'listen',
2021-06-09 12:15:03.614 +02:00:   address: '::',
2021-06-09 12:15:03.614 +02:00:   port: 3002
2021-06-09 12:15:03.614 +02:00: }
2021-06-09 12:15:03.762 +02:00: Starting application jmrlab (port: 3002)...
2021-06-09 12:15:03.766 +02:00: Error: listen EADDRINUSE: address already in use :::3002
2021-06-09 12:15:03.766 +02:00:     at Server.setupListenHandle [as _listen2] (net.js:1314:16)
2021-06-09 12:15:03.766 +02:00:     at listenInCluster (net.js:1362:12)
2021-06-09 12:15:03.766 +02:00:     at Server.listen (net.js:1448:7)
2021-06-09 12:15:03.766 +02:00:     at Object.<anonymous> (/Users/kjamroz/Documents/dev/nodepad/repo/jmrlab.3002/bin/index.js:9:4)
2021-06-09 12:15:03.766 +02:00:     at Module._compile (internal/modules/cjs/loader.js:1176:30)
2021-06-09 12:15:03.766 +02:00:     at Object.Module._extensions..js (internal/modules/cjs/loader.js:1196:10)
2021-06-09 12:15:03.766 +02:00:     at Module.load (internal/modules/cjs/loader.js:1040:32)
2021-06-09 12:15:03.766 +02:00:     at Function.Module._load (internal/modules/cjs/loader.js:929:14)
2021-06-09 12:15:03.766 +02:00:     at Object.<anonymous> (/Users/kjamroz/Documents/dev/nodepad/node_modules/pm2/lib/ProcessContainerFork.js:33:23)
2021-06-09 12:15:03.766 +02:00:     at Module._compile (internal/modules/cjs/loader.js:1176:30) {
2021-06-09 12:15:03.766 +02:00:   code: 'EADDRINUSE',
2021-06-09 12:15:03.766 +02:00:   errno: -48,
2021-06-09 12:15:03.766 +02:00:   syscall: 'listen',
2021-06-09 12:15:03.766 +02:00:   address: '::',
2021-06-09 12:15:03.766 +02:00:   port: 3002
2021-06-09 12:15:03.766 +02:00: }
2021-06-09 12:15:03.922 +02:00: Starting application jmrlab (port: 3002)...
2021-06-09 12:15:03.926 +02:00: Error: listen EADDRINUSE: address already in use :::3002
2021-06-09 12:15:03.926 +02:00:     at Server.setupListenHandle [as _listen2] (net.js:1314:16)
2021-06-09 12:15:03.926 +02:00:     at listenInCluster (net.js:1362:12)
2021-06-09 12:15:03.926 +02:00:     at Server.listen (net.js:1448:7)
2021-06-09 12:15:03.926 +02:00:     at Object.<anonymous> (/Users/kjamroz/Documents/dev/nodepad/repo/jmrlab.3002/bin/index.js:9:4)
2021-06-09 12:15:03.926 +02:00:     at Module._compile (internal/modules/cjs/loader.js:1176:30)
2021-06-09 12:15:03.926 +02:00:     at Object.Module._extensions..js (internal/modules/cjs/loader.js:1196:10)
2021-06-09 12:15:03.926 +02:00:     at Module.load (internal/modules/cjs/loader.js:1040:32)
2021-06-09 12:15:03.926 +02:00:     at Function.Module._load (internal/modules/cjs/loader.js:929:14)
2021-06-09 12:15:03.926 +02:00:     at Object.<anonymous> (/Users/kjamroz/Documents/dev/nodepad/node_modules/pm2/lib/ProcessContainerFork.js:33:23)
2021-06-09 12:15:03.926 +02:00:     at Module._compile (internal/modules/cjs/loader.js:1176:30) {
2021-06-09 12:15:03.926 +02:00:   code: 'EADDRINUSE',
2021-06-09 12:15:03.926 +02:00:   errno: -48,
2021-06-09 12:15:03.926 +02:00:   syscall: 'listen',
2021-06-09 12:15:03.926 +02:00:   address: '::',
2021-06-09 12:15:03.926 +02:00:   port: 3002
2021-06-09 12:15:03.926 +02:00: }
2021-06-09 12:15:04.084 +02:00: Starting application jmrlab (port: 3002)...
2021-06-09 12:15:04.089 +02:00: Error: listen EADDRINUSE: address already in use :::3002
2021-06-09 12:15:04.089 +02:00:     at Server.setupListenHandle [as _listen2] (net.js:1314:16)
2021-06-09 12:15:04.089 +02:00:     at listenInCluster (net.js:1362:12)
2021-06-09 12:15:04.089 +02:00:     at Server.listen (net.js:1448:7)
2021-06-09 12:15:04.089 +02:00:     at Object.<anonymous> (/Users/kjamroz/Documents/dev/nodepad/repo/jmrlab.3002/bin/index.js:9:4)
2021-06-09 12:15:04.089 +02:00:     at Module._compile (internal/modules/cjs/loader.js:1176:30)
2021-06-09 12:15:04.089 +02:00:     at Object.Module._extensions..js (internal/modules/cjs/loader.js:1196:10)
2021-06-09 12:15:04.089 +02:00:     at Module.load (internal/modules/cjs/loader.js:1040:32)
2021-06-09 12:15:04.089 +02:00:     at Function.Module._load (internal/modules/cjs/loader.js:929:14)
2021-06-09 12:15:04.089 +02:00:     at Object.<anonymous> (/Users/kjamroz/Documents/dev/nodepad/node_modules/pm2/lib/ProcessContainerFork.js:33:23)
2021-06-09 12:15:04.089 +02:00:     at Module._compile (internal/modules/cjs/loader.js:1176:30) {
2021-06-09 12:15:04.089 +02:00:   code: 'EADDRINUSE',
2021-06-09 12:15:04.089 +02:00:   errno: -48,
2021-06-09 12:15:04.089 +02:00:   syscall: 'listen',
2021-06-09 12:15:04.089 +02:00:   address: '::',
2021-06-09 12:15:04.089 +02:00:   port: 3002
2021-06-09 12:15:04.089 +02:00: }
2021-06-09 12:15:04.244 +02:00: Starting application jmrlab (port: 3002)...
2021-06-09 12:15:04.248 +02:00: Error: listen EADDRINUSE: address already in use :::3002
2021-06-09 12:15:04.248 +02:00:     at Server.setupListenHandle [as _listen2] (net.js:1314:16)
2021-06-09 12:15:04.248 +02:00:     at listenInCluster (net.js:1362:12)
2021-06-09 12:15:04.248 +02:00:     at Server.listen (net.js:1448:7)
2021-06-09 12:15:04.248 +02:00:     at Object.<anonymous> (/Users/kjamroz/Documents/dev/nodepad/repo/jmrlab.3002/bin/index.js:9:4)
2021-06-09 12:15:04.248 +02:00:     at Module._compile (internal/modules/cjs/loader.js:1176:30)
2021-06-09 12:15:04.248 +02:00:     at Object.Module._extensions..js (internal/modules/cjs/loader.js:1196:10)
2021-06-09 12:15:04.248 +02:00:     at Module.load (internal/modules/cjs/loader.js:1040:32)
2021-06-09 12:15:04.248 +02:00:     at Function.Module._load (internal/modules/cjs/loader.js:929:14)
2021-06-09 12:15:04.248 +02:00:     at Object.<anonymous> (/Users/kjamroz/Documents/dev/nodepad/node_modules/pm2/lib/ProcessContainerFork.js:33:23)
2021-06-09 12:15:04.248 +02:00:     at Module._compile (internal/modules/cjs/loader.js:1176:30) {
2021-06-09 12:15:04.248 +02:00:   code: 'EADDRINUSE',
2021-06-09 12:15:04.248 +02:00:   errno: -48,
2021-06-09 12:15:04.248 +02:00:   syscall: 'listen',
2021-06-09 12:15:04.248 +02:00:   address: '::',
2021-06-09 12:15:04.248 +02:00:   port: 3002
2021-06-09 12:15:04.248 +02:00: }
2021-06-09 12:15:04.395 +02:00: Starting application jmrlab (port: 3002)...
2021-06-09 12:15:04.400 +02:00: Error: listen EADDRINUSE: address already in use :::3002
2021-06-09 12:15:04.400 +02:00:     at Server.setupListenHandle [as _listen2] (net.js:1314:16)
2021-06-09 12:15:04.400 +02:00:     at listenInCluster (net.js:1362:12)
2021-06-09 12:15:04.400 +02:00:     at Server.listen (net.js:1448:7)
2021-06-09 12:15:04.400 +02:00:     at Object.<anonymous> (/Users/kjamroz/Documents/dev/nodepad/repo/jmrlab.3002/bin/index.js:9:4)
2021-06-09 12:15:04.400 +02:00:     at Module._compile (internal/modules/cjs/loader.js:1176:30)
2021-06-09 12:15:04.400 +02:00:     at Object.Module._extensions..js (internal/modules/cjs/loader.js:1196:10)
2021-06-09 12:15:04.400 +02:00:     at Module.load (internal/modules/cjs/loader.js:1040:32)
2021-06-09 12:15:04.400 +02:00:     at Function.Module._load (internal/modules/cjs/loader.js:929:14)
2021-06-09 12:15:04.400 +02:00:     at Object.<anonymous> (/Users/kjamroz/Documents/dev/nodepad/node_modules/pm2/lib/ProcessContainerFork.js:33:23)
2021-06-09 12:15:04.400 +02:00:     at Module._compile (internal/modules/cjs/loader.js:1176:30) {
2021-06-09 12:15:04.400 +02:00:   code: 'EADDRINUSE',
2021-06-09 12:15:04.400 +02:00:   errno: -48,
2021-06-09 12:15:04.400 +02:00:   syscall: 'listen',
2021-06-09 12:15:04.400 +02:00:   address: '::',
2021-06-09 12:15:04.400 +02:00:   port: 3002
2021-06-09 12:15:04.400 +02:00: }
2021-06-09 12:15:04.545 +02:00: Starting application jmrlab (port: 3002)...
2021-06-09 12:15:04.549 +02:00: Error: listen EADDRINUSE: address already in use :::3002
2021-06-09 12:15:04.549 +02:00:     at Server.setupListenHandle [as _listen2] (net.js:1314:16)
2021-06-09 12:15:04.549 +02:00:     at listenInCluster (net.js:1362:12)
2021-06-09 12:15:04.549 +02:00:     at Server.listen (net.js:1448:7)
2021-06-09 12:15:04.549 +02:00:     at Object.<anonymous> (/Users/kjamroz/Documents/dev/nodepad/repo/jmrlab.3002/bin/index.js:9:4)
2021-06-09 12:15:04.549 +02:00:     at Module._compile (internal/modules/cjs/loader.js:1176:30)
2021-06-09 12:15:04.549 +02:00:     at Object.Module._extensions..js (internal/modules/cjs/loader.js:1196:10)
2021-06-09 12:15:04.549 +02:00:     at Module.load (internal/modules/cjs/loader.js:1040:32)
2021-06-09 12:15:04.549 +02:00:     at Function.Module._load (internal/modules/cjs/loader.js:929:14)
2021-06-09 12:15:04.549 +02:00:     at Object.<anonymous> (/Users/kjamroz/Documents/dev/nodepad/node_modules/pm2/lib/ProcessContainerFork.js:33:23)
2021-06-09 12:15:04.549 +02:00:     at Module._compile (internal/modules/cjs/loader.js:1176:30) {
2021-06-09 12:15:04.549 +02:00:   code: 'EADDRINUSE',
2021-06-09 12:15:04.550 +02:00:   errno: -48,
2021-06-09 12:15:04.550 +02:00:   syscall: 'listen',
2021-06-09 12:15:04.550 +02:00:   address: '::',
2021-06-09 12:15:04.550 +02:00:   port: 3002
2021-06-09 12:15:04.550 +02:00: }
2021-06-09 12:15:04.699 +02:00: Starting application jmrlab (port: 3002)...
2021-06-09 12:15:04.704 +02:00: Error: listen EADDRINUSE: address already in use :::3002
2021-06-09 12:15:04.704 +02:00:     at Server.setupListenHandle [as _listen2] (net.js:1314:16)
2021-06-09 12:15:04.704 +02:00:     at listenInCluster (net.js:1362:12)
2021-06-09 12:15:04.704 +02:00:     at Server.listen (net.js:1448:7)
2021-06-09 12:15:04.704 +02:00:     at Object.<anonymous> (/Users/kjamroz/Documents/dev/nodepad/repo/jmrlab.3002/bin/index.js:9:4)
2021-06-09 12:15:04.704 +02:00:     at Module._compile (internal/modules/cjs/loader.js:1176:30)
2021-06-09 12:15:04.704 +02:00:     at Object.Module._extensions..js (internal/modules/cjs/loader.js:1196:10)
2021-06-09 12:15:04.704 +02:00:     at Module.load (internal/modules/cjs/loader.js:1040:32)
2021-06-09 12:15:04.704 +02:00:     at Function.Module._load (internal/modules/cjs/loader.js:929:14)
2021-06-09 12:15:04.704 +02:00:     at Object.<anonymous> (/Users/kjamroz/Documents/dev/nodepad/node_modules/pm2/lib/ProcessContainerFork.js:33:23)
2021-06-09 12:15:04.704 +02:00:     at Module._compile (internal/modules/cjs/loader.js:1176:30) {
2021-06-09 12:15:04.704 +02:00:   code: 'EADDRINUSE',
2021-06-09 12:15:04.704 +02:00:   errno: -48,
2021-06-09 12:15:04.704 +02:00:   syscall: 'listen',
2021-06-09 12:15:04.704 +02:00:   address: '::',
2021-06-09 12:15:04.704 +02:00:   port: 3002
2021-06-09 12:15:04.704 +02:00: }
2021-06-09 12:15:04.852 +02:00: Starting application jmrlab (port: 3002)...
2021-06-09 12:15:04.855 +02:00: Error: listen EADDRINUSE: address already in use :::3002
2021-06-09 12:15:04.855 +02:00:     at Server.setupListenHandle [as _listen2] (net.js:1314:16)
2021-06-09 12:15:04.855 +02:00:     at listenInCluster (net.js:1362:12)
2021-06-09 12:15:04.855 +02:00:     at Server.listen (net.js:1448:7)
2021-06-09 12:15:04.855 +02:00:     at Object.<anonymous> (/Users/kjamroz/Documents/dev/nodepad/repo/jmrlab.3002/bin/index.js:9:4)
2021-06-09 12:15:04.855 +02:00:     at Module._compile (internal/modules/cjs/loader.js:1176:30)
2021-06-09 12:15:04.855 +02:00:     at Object.Module._extensions..js (internal/modules/cjs/loader.js:1196:10)
2021-06-09 12:15:04.855 +02:00:     at Module.load (internal/modules/cjs/loader.js:1040:32)
2021-06-09 12:15:04.855 +02:00:     at Function.Module._load (internal/modules/cjs/loader.js:929:14)
2021-06-09 12:15:04.855 +02:00:     at Object.<anonymous> (/Users/kjamroz/Documents/dev/nodepad/node_modules/pm2/lib/ProcessContainerFork.js:33:23)
2021-06-09 12:15:04.855 +02:00:     at Module._compile (internal/modules/cjs/loader.js:1176:30) {
2021-06-09 12:15:04.855 +02:00:   code: 'EADDRINUSE',
2021-06-09 12:15:04.855 +02:00:   errno: -48,
2021-06-09 12:15:04.855 +02:00:   syscall: 'listen',
2021-06-09 12:15:04.855 +02:00:   address: '::',
2021-06-09 12:15:04.855 +02:00:   port: 3002
2021-06-09 12:15:04.855 +02:00: }
2021-06-09 12:15:05.003 +02:00: Starting application jmrlab (port: 3002)...
2021-06-09 12:15:05.007 +02:00: Error: listen EADDRINUSE: address already in use :::3002
2021-06-09 12:15:05.007 +02:00:     at Server.setupListenHandle [as _listen2] (net.js:1314:16)
2021-06-09 12:15:05.007 +02:00:     at listenInCluster (net.js:1362:12)
2021-06-09 12:15:05.007 +02:00:     at Server.listen (net.js:1448:7)
2021-06-09 12:15:05.007 +02:00:     at Object.<anonymous> (/Users/kjamroz/Documents/dev/nodepad/repo/jmrlab.3002/bin/index.js:9:4)
2021-06-09 12:15:05.007 +02:00:     at Module._compile (internal/modules/cjs/loader.js:1176:30)
2021-06-09 12:15:05.007 +02:00:     at Object.Module._extensions..js (internal/modules/cjs/loader.js:1196:10)
2021-06-09 12:15:05.007 +02:00:     at Module.load (internal/modules/cjs/loader.js:1040:32)
2021-06-09 12:15:05.007 +02:00:     at Function.Module._load (internal/modules/cjs/loader.js:929:14)
2021-06-09 12:15:05.007 +02:00:     at Object.<anonymous> (/Users/kjamroz/Documents/dev/nodepad/node_modules/pm2/lib/ProcessContainerFork.js:33:23)
2021-06-09 12:15:05.007 +02:00:     at Module._compile (internal/modules/cjs/loader.js:1176:30) {
2021-06-09 12:15:05.007 +02:00:   code: 'EADDRINUSE',
2021-06-09 12:15:05.007 +02:00:   errno: -48,
2021-06-09 12:15:05.007 +02:00:   syscall: 'listen',
2021-06-09 12:15:05.007 +02:00:   address: '::',
2021-06-09 12:15:05.007 +02:00:   port: 3002
2021-06-09 12:15:05.007 +02:00: }
2021-06-09 12:15:05.159 +02:00: Starting application jmrlab (port: 3002)...
2021-06-09 12:15:05.163 +02:00: Error: listen EADDRINUSE: address already in use :::3002
2021-06-09 12:15:05.163 +02:00:     at Server.setupListenHandle [as _listen2] (net.js:1314:16)
2021-06-09 12:15:05.163 +02:00:     at listenInCluster (net.js:1362:12)
2021-06-09 12:15:05.163 +02:00:     at Server.listen (net.js:1448:7)
2021-06-09 12:15:05.163 +02:00:     at Object.<anonymous> (/Users/kjamroz/Documents/dev/nodepad/repo/jmrlab.3002/bin/index.js:9:4)
2021-06-09 12:15:05.163 +02:00:     at Module._compile (internal/modules/cjs/loader.js:1176:30)
2021-06-09 12:15:05.163 +02:00:     at Object.Module._extensions..js (internal/modules/cjs/loader.js:1196:10)
2021-06-09 12:15:05.163 +02:00:     at Module.load (internal/modules/cjs/loader.js:1040:32)
2021-06-09 12:15:05.163 +02:00:     at Function.Module._load (internal/modules/cjs/loader.js:929:14)
2021-06-09 12:15:05.163 +02:00:     at Object.<anonymous> (/Users/kjamroz/Documents/dev/nodepad/node_modules/pm2/lib/ProcessContainerFork.js:33:23)
2021-06-09 12:15:05.163 +02:00:     at Module._compile (internal/modules/cjs/loader.js:1176:30) {
2021-06-09 12:15:05.163 +02:00:   code: 'EADDRINUSE',
2021-06-09 12:15:05.163 +02:00:   errno: -48,
2021-06-09 12:15:05.163 +02:00:   syscall: 'listen',
2021-06-09 12:15:05.163 +02:00:   address: '::',
2021-06-09 12:15:05.163 +02:00:   port: 3002
2021-06-09 12:15:05.163 +02:00: }
2021-06-09 12:15:05.319 +02:00: Starting application jmrlab (port: 3002)...
2021-06-09 12:15:05.322 +02:00: Error: listen EADDRINUSE: address already in use :::3002
2021-06-09 12:15:05.322 +02:00:     at Server.setupListenHandle [as _listen2] (net.js:1314:16)
2021-06-09 12:15:05.322 +02:00:     at listenInCluster (net.js:1362:12)
2021-06-09 12:15:05.322 +02:00:     at Server.listen (net.js:1448:7)
2021-06-09 12:15:05.323 +02:00:     at Object.<anonymous> (/Users/kjamroz/Documents/dev/nodepad/repo/jmrlab.3002/bin/index.js:9:4)
2021-06-09 12:15:05.323 +02:00:     at Module._compile (internal/modules/cjs/loader.js:1176:30)
2021-06-09 12:15:05.323 +02:00:     at Object.Module._extensions..js (internal/modules/cjs/loader.js:1196:10)
2021-06-09 12:15:05.323 +02:00:     at Module.load (internal/modules/cjs/loader.js:1040:32)
2021-06-09 12:15:05.323 +02:00:     at Function.Module._load (internal/modules/cjs/loader.js:929:14)
2021-06-09 12:15:05.323 +02:00:     at Object.<anonymous> (/Users/kjamroz/Documents/dev/nodepad/node_modules/pm2/lib/ProcessContainerFork.js:33:23)
2021-06-09 12:15:05.323 +02:00:     at Module._compile (internal/modules/cjs/loader.js:1176:30) {
2021-06-09 12:15:05.323 +02:00:   code: 'EADDRINUSE',
2021-06-09 12:15:05.323 +02:00:   errno: -48,
2021-06-09 12:15:05.323 +02:00:   syscall: 'listen',
2021-06-09 12:15:05.323 +02:00:   address: '::',
2021-06-09 12:15:05.323 +02:00:   port: 3002
2021-06-09 12:15:05.323 +02:00: }
2021-06-09 12:15:05.474 +02:00: Starting application jmrlab (port: 3002)...
2021-06-09 12:15:05.478 +02:00: Error: listen EADDRINUSE: address already in use :::3002
2021-06-09 12:15:05.478 +02:00:     at Server.setupListenHandle [as _listen2] (net.js:1314:16)
2021-06-09 12:15:05.478 +02:00:     at listenInCluster (net.js:1362:12)
2021-06-09 12:15:05.478 +02:00:     at Server.listen (net.js:1448:7)
2021-06-09 12:15:05.478 +02:00:     at Object.<anonymous> (/Users/kjamroz/Documents/dev/nodepad/repo/jmrlab.3002/bin/index.js:9:4)
2021-06-09 12:15:05.478 +02:00:     at Module._compile (internal/modules/cjs/loader.js:1176:30)
2021-06-09 12:15:05.478 +02:00:     at Object.Module._extensions..js (internal/modules/cjs/loader.js:1196:10)
2021-06-09 12:15:05.478 +02:00:     at Module.load (internal/modules/cjs/loader.js:1040:32)
2021-06-09 12:15:05.478 +02:00:     at Function.Module._load (internal/modules/cjs/loader.js:929:14)
2021-06-09 12:15:05.478 +02:00:     at Object.<anonymous> (/Users/kjamroz/Documents/dev/nodepad/node_modules/pm2/lib/ProcessContainerFork.js:33:23)
2021-06-09 12:15:05.478 +02:00:     at Module._compile (internal/modules/cjs/loader.js:1176:30) {
2021-06-09 12:15:05.478 +02:00:   code: 'EADDRINUSE',
2021-06-09 12:15:05.478 +02:00:   errno: -48,
2021-06-09 12:15:05.478 +02:00:   syscall: 'listen',
2021-06-09 12:15:05.478 +02:00:   address: '::',
2021-06-09 12:15:05.478 +02:00:   port: 3002
2021-06-09 12:15:05.478 +02:00: }
2021-06-09 12:15:05.626 +02:00: Starting application jmrlab (port: 3002)...
2021-06-09 12:15:05.630 +02:00: Error: listen EADDRINUSE: address already in use :::3002
2021-06-09 12:15:05.630 +02:00:     at Server.setupListenHandle [as _listen2] (net.js:1314:16)
2021-06-09 12:15:05.630 +02:00:     at listenInCluster (net.js:1362:12)
2021-06-09 12:15:05.630 +02:00:     at Server.listen (net.js:1448:7)
2021-06-09 12:15:05.630 +02:00:     at Object.<anonymous> (/Users/kjamroz/Documents/dev/nodepad/repo/jmrlab.3002/bin/index.js:9:4)
2021-06-09 12:15:05.630 +02:00:     at Module._compile (internal/modules/cjs/loader.js:1176:30)
2021-06-09 12:15:05.630 +02:00:     at Object.Module._extensions..js (internal/modules/cjs/loader.js:1196:10)
2021-06-09 12:15:05.630 +02:00:     at Module.load (internal/modules/cjs/loader.js:1040:32)
2021-06-09 12:15:05.630 +02:00:     at Function.Module._load (internal/modules/cjs/loader.js:929:14)
2021-06-09 12:15:05.630 +02:00:     at Object.<anonymous> (/Users/kjamroz/Documents/dev/nodepad/node_modules/pm2/lib/ProcessContainerFork.js:33:23)
2021-06-09 12:15:05.630 +02:00:     at Module._compile (internal/modules/cjs/loader.js:1176:30) {
2021-06-09 12:15:05.630 +02:00:   code: 'EADDRINUSE',
2021-06-09 12:15:05.630 +02:00:   errno: -48,
2021-06-09 12:15:05.630 +02:00:   syscall: 'listen',
2021-06-09 12:15:05.630 +02:00:   address: '::',
2021-06-09 12:15:05.630 +02:00:   port: 3002
2021-06-09 12:15:05.630 +02:00: }
2021-06-09 12:15:05.775 +02:00: Starting application jmrlab (port: 3002)...
2021-06-09 12:15:05.779 +02:00: Error: listen EADDRINUSE: address already in use :::3002
2021-06-09 12:15:05.779 +02:00:     at Server.setupListenHandle [as _listen2] (net.js:1314:16)
2021-06-09 12:15:05.779 +02:00:     at listenInCluster (net.js:1362:12)
2021-06-09 12:15:05.779 +02:00:     at Server.listen (net.js:1448:7)
2021-06-09 12:15:05.779 +02:00:     at Object.<anonymous> (/Users/kjamroz/Documents/dev/nodepad/repo/jmrlab.3002/bin/index.js:9:4)
2021-06-09 12:15:05.779 +02:00:     at Module._compile (internal/modules/cjs/loader.js:1176:30)
2021-06-09 12:15:05.779 +02:00:     at Object.Module._extensions..js (internal/modules/cjs/loader.js:1196:10)
2021-06-09 12:15:05.779 +02:00:     at Module.load (internal/modules/cjs/loader.js:1040:32)
2021-06-09 12:15:05.779 +02:00:     at Function.Module._load (internal/modules/cjs/loader.js:929:14)
2021-06-09 12:15:05.779 +02:00:     at Object.<anonymous> (/Users/kjamroz/Documents/dev/nodepad/node_modules/pm2/lib/ProcessContainerFork.js:33:23)
2021-06-09 12:15:05.779 +02:00:     at Module._compile (internal/modules/cjs/loader.js:1176:30) {
2021-06-09 12:15:05.779 +02:00:   code: 'EADDRINUSE',
2021-06-09 12:15:05.779 +02:00:   errno: -48,
2021-06-09 12:15:05.779 +02:00:   syscall: 'listen',
2021-06-09 12:15:05.779 +02:00:   address: '::',
2021-06-09 12:15:05.779 +02:00:   port: 3002
2021-06-09 12:15:05.779 +02:00: }
2021-06-09 12:15:05.928 +02:00: Starting application jmrlab (port: 3002)...
2021-06-09 12:15:05.932 +02:00: Error: listen EADDRINUSE: address already in use :::3002
2021-06-09 12:15:05.932 +02:00:     at Server.setupListenHandle [as _listen2] (net.js:1314:16)
2021-06-09 12:15:05.932 +02:00:     at listenInCluster (net.js:1362:12)
2021-06-09 12:15:05.932 +02:00:     at Server.listen (net.js:1448:7)
2021-06-09 12:15:05.932 +02:00:     at Object.<anonymous> (/Users/kjamroz/Documents/dev/nodepad/repo/jmrlab.3002/bin/index.js:9:4)
2021-06-09 12:15:05.932 +02:00:     at Module._compile (internal/modules/cjs/loader.js:1176:30)
2021-06-09 12:15:05.932 +02:00:     at Object.Module._extensions..js (internal/modules/cjs/loader.js:1196:10)
2021-06-09 12:15:05.932 +02:00:     at Module.load (internal/modules/cjs/loader.js:1040:32)
2021-06-09 12:15:05.932 +02:00:     at Function.Module._load (internal/modules/cjs/loader.js:929:14)
2021-06-09 12:15:05.932 +02:00:     at Object.<anonymous> (/Users/kjamroz/Documents/dev/nodepad/node_modules/pm2/lib/ProcessContainerFork.js:33:23)
2021-06-09 12:15:05.932 +02:00:     at Module._compile (internal/modules/cjs/loader.js:1176:30) {
2021-06-09 12:15:05.932 +02:00:   code: 'EADDRINUSE',
2021-06-09 12:15:05.932 +02:00:   errno: -48,
2021-06-09 12:15:05.932 +02:00:   syscall: 'listen',
2021-06-09 12:15:05.932 +02:00:   address: '::',
2021-06-09 12:15:05.932 +02:00:   port: 3002
2021-06-09 12:15:05.932 +02:00: }
2021-06-09 10:15:08.954 [NODEPAD] Strting application 'jmrlab'...
2021-06-09 12:15:09.119 +02:00: Starting application jmrlab (port: 3002)...
2021-06-09 16:34:37.634 +02:00: Request GET /
2021-06-09 16:34:37.914 +02:00: Request GET /favicon.ico
2021-06-09 17:15:15.099 +02:00: Request GET /
2021-06-09 17:15:15.242 +02:00: Request GET /favicon.ico
2021-06-09 17:19:08.905 +02:00: Request GET /
2021-06-09 17:19:09.870 +02:00: Request GET /favicon.ico
2021-06-09 17:19:18.415 +02:00: Request GET /
2021-06-09 17:19:18.495 +02:00: Request GET /favicon.ico
2021-06-09 17:23:52.274 +02:00: Request GET /
2021-06-09 17:23:52.349 +02:00: Request GET /favicon.ico
2021-06-09 17:24:01.562 +02:00: Request GET /
2021-06-09 17:24:01.633 +02:00: Request GET /favicon.ico
2021-06-09 17:24:04.517 +02:00: Request GET /
2021-06-09 17:24:04.587 +02:00: Request GET /favicon.ico
2021-06-09 17:51:50.670 +02:00: Request GET /
2021-06-09 17:51:51.288 +02:00: Request GET /favicon.ico
2021-06-09 17:51:58.360 +02:00: Request GET /
2021-06-09 17:51:58.427 +02:00: Request GET /favicon.ico
2021-06-09 17:52:02.750 +02:00: Request GET /
2021-06-09 17:52:02.852 +02:00: Request GET /favicon.ico
2021-06-09 17:54:58.102 +02:00: Request GET /
2021-06-09 17:54:58.211 +02:00: Request GET /favicon.ico
2021-06-09 17:54:58.306 +02:00: Request GET /
2021-06-09 17:54:58.391 +02:00: Request GET /favicon.ico
2021-06-09 17:54:58.473 +02:00: Request GET /
2021-06-09 17:54:58.555 +02:00: Request GET /favicon.ico
2021-06-09 17:54:58.650 +02:00: Request GET /
2021-06-09 17:54:58.716 +02:00: Request GET /favicon.ico
2021-06-09 17:54:58.812 +02:00: Request GET /
2021-06-09 17:54:58.876 +02:00: Request GET /favicon.ico
2021-06-09 17:54:58.964 +02:00: Request GET /
2021-06-09 17:54:59.029 +02:00: Request GET /favicon.ico
2021-06-09 17:54:59.101 +02:00: Request GET /
2021-06-09 17:54:59.163 +02:00: Request GET /favicon.ico
2021-06-09 17:54:59.232 +02:00: Request GET /
2021-06-09 17:54:59.297 +02:00: Request GET /favicon.ico
2021-06-09 15:57:26.961 [NODEPAD] Stopping application 'jmrlab'...
2021-06-09 15:57:27.882 [NODEPAD] Strting application 'jmrlab'...
2021-06-09 17:57:28.110 +02:00: Starting application jmrlab (port: 3002)...
2021-06-09 15:57:31.654 [NODEPAD] Stopping application 'jmrlab'...
2021-06-09 15:57:32.622 [NODEPAD] Strting application 'jmrlab'...
2021-06-09 17:57:32.787 +02:00: Starting application jmrlab (port: 3002)...
2021-06-09 15:58:04.753 [NODEPAD] Uploading new content to 'jmrlab'
2021-06-09 15:58:04.861 [NODEPAD] Uploading of 'jmrlab' completed
2021-06-09 15:58:04.862 [NODEPAD] Extracting 'jmrlab'...
2021-06-09 15:58:04.868 [NODEPAD] Content of 'jmrlab' extracted
2021-06-09 15:58:04.881 [NODEPAD] Stopping application 'jmrlab'...
2021-06-09 15:58:05.024 [NODEPAD] Installing 'jmrlab'...
2021-06-09 15:58:05.077 [NODEPAD] Content of 'jmrlab' installed
2021-06-09 15:58:05.083 [NODEPAD] Strting application 'jmrlab'...
2021-06-09 17:58:05.245 +02:00: Starting application jmrlab (port: 3002)...
2021-06-09 15:59:22.455 [NODEPAD] Stopping application 'jmrlab'...
2021-06-09 15:59:23.391 [NODEPAD] Starting application 'jmrlab'...
2021-06-09 17:59:23.553 +02:00: Starting application jmrlab (port: 3002)...
2021-06-09 15:59:33.212 [NODEPAD] Stopping application 'jmrlab'...
2021-06-09 15:59:46.606 [NODEPAD] Starting application 'jmrlab'...
2021-06-09 17:59:46.767 +02:00: Starting application jmrlab (port: 3002)...
2021-06-09 16:00:00.998 [NODEPAD] Stopping application 'jmrlab'...
custom message2021-06-09 16:02:48.509 [NODEPAD] Starting application 'jmrlab'...
2021-06-09 18:02:48.704 +02:00: Starting application jmrlab (port: 3002)...
2021-06-09 18:02:48.708 +02:00: Error: listen EADDRINUSE: address already in use :::3002
2021-06-09 18:02:48.708 +02:00:     at Server.setupListenHandle [as _listen2] (net.js:1314:16)
2021-06-09 18:02:48.708 +02:00:     at listenInCluster (net.js:1362:12)
2021-06-09 18:02:48.708 +02:00:     at Server.listen (net.js:1448:7)
2021-06-09 18:02:48.708 +02:00:     at Object.<anonymous> (/Users/kjamroz/Documents/dev/nodepad/repo/jmrlab.3002/bin/index.js:9:4)
2021-06-09 18:02:48.708 +02:00:     at Module._compile (internal/modules/cjs/loader.js:1176:30)
2021-06-09 18:02:48.708 +02:00:     at Object.Module._extensions..js (internal/modules/cjs/loader.js:1196:10)
2021-06-09 18:02:48.709 +02:00:     at Module.load (internal/modules/cjs/loader.js:1040:32)
2021-06-09 18:02:48.709 +02:00:     at Function.Module._load (internal/modules/cjs/loader.js:929:14)
2021-06-09 18:02:48.709 +02:00:     at Object.<anonymous> (/Users/kjamroz/Documents/dev/nodepad/node_modules/pm2/lib/ProcessContainerFork.js:33:23)
2021-06-09 18:02:48.709 +02:00:     at Module._compile (internal/modules/cjs/loader.js:1176:30) {
2021-06-09 18:02:48.709 +02:00:   code: 'EADDRINUSE',
2021-06-09 18:02:48.709 +02:00:   errno: -48,
2021-06-09 18:02:48.709 +02:00:   syscall: 'listen',
2021-06-09 18:02:48.709 +02:00:   address: '::',
2021-06-09 18:02:48.709 +02:00:   port: 3002
2021-06-09 18:02:48.709 +02:00: }
2021-06-09 18:02:48.864 +02:00: Starting application jmrlab (port: 3002)...
2021-06-09 18:02:48.868 +02:00: Error: listen EADDRINUSE: address already in use :::3002
2021-06-09 18:02:48.868 +02:00:     at Server.setupListenHandle [as _listen2] (net.js:1314:16)
2021-06-09 18:02:48.868 +02:00:     at listenInCluster (net.js:1362:12)
2021-06-09 18:02:48.868 +02:00:     at Server.listen (net.js:1448:7)
2021-06-09 18:02:48.868 +02:00:     at Object.<anonymous> (/Users/kjamroz/Documents/dev/nodepad/repo/jmrlab.3002/bin/index.js:9:4)
2021-06-09 18:02:48.868 +02:00:     at Module._compile (internal/modules/cjs/loader.js:1176:30)
2021-06-09 18:02:48.868 +02:00:     at Object.Module._extensions..js (internal/modules/cjs/loader.js:1196:10)
2021-06-09 18:02:48.868 +02:00:     at Module.load (internal/modules/cjs/loader.js:1040:32)
2021-06-09 18:02:48.868 +02:00:     at Function.Module._load (internal/modules/cjs/loader.js:929:14)
2021-06-09 18:02:48.868 +02:00:     at Object.<anonymous> (/Users/kjamroz/Documents/dev/nodepad/node_modules/pm2/lib/ProcessContainerFork.js:33:23)
2021-06-09 18:02:48.868 +02:00:     at Module._compile (internal/modules/cjs/loader.js:1176:30) {
2021-06-09 18:02:48.868 +02:00:   code: 'EADDRINUSE',
2021-06-09 18:02:48.868 +02:00:   errno: -48,
2021-06-09 18:02:48.868 +02:00:   syscall: 'listen',
2021-06-09 18:02:48.868 +02:00:   address: '::',
2021-06-09 18:02:48.868 +02:00:   port: 3002
2021-06-09 18:02:48.868 +02:00: }
2021-06-09 18:02:49.013 +02:00: Starting application jmrlab (port: 3002)...
2021-06-09 18:02:49.018 +02:00: Error: listen EADDRINUSE: address already in use :::3002
2021-06-09 18:02:49.018 +02:00:     at Server.setupListenHandle [as _listen2] (net.js:1314:16)
2021-06-09 18:02:49.018 +02:00:     at listenInCluster (net.js:1362:12)
2021-06-09 18:02:49.018 +02:00:     at Server.listen (net.js:1448:7)
2021-06-09 18:02:49.018 +02:00:     at Object.<anonymous> (/Users/kjamroz/Documents/dev/nodepad/repo/jmrlab.3002/bin/index.js:9:4)
2021-06-09 18:02:49.018 +02:00:     at Module._compile (internal/modules/cjs/loader.js:1176:30)
2021-06-09 18:02:49.018 +02:00:     at Object.Module._extensions..js (internal/modules/cjs/loader.js:1196:10)
2021-06-09 18:02:49.018 +02:00:     at Module.load (internal/modules/cjs/loader.js:1040:32)
2021-06-09 18:02:49.018 +02:00:     at Function.Module._load (internal/modules/cjs/loader.js:929:14)
2021-06-09 18:02:49.018 +02:00:     at Object.<anonymous> (/Users/kjamroz/Documents/dev/nodepad/node_modules/pm2/lib/ProcessContainerFork.js:33:23)
2021-06-09 18:02:49.018 +02:00:     at Module._compile (internal/modules/cjs/loader.js:1176:30) {
2021-06-09 18:02:49.018 +02:00:   code: 'EADDRINUSE',
2021-06-09 18:02:49.018 +02:00:   errno: -48,
2021-06-09 18:02:49.018 +02:00:   syscall: 'listen',
2021-06-09 18:02:49.018 +02:00:   address: '::',
2021-06-09 18:02:49.018 +02:00:   port: 3002
2021-06-09 18:02:49.018 +02:00: }
2021-06-09 18:02:49.165 +02:00: Starting application jmrlab (port: 3002)...
2021-06-09 18:02:49.169 +02:00: Error: listen EADDRINUSE: address already in use :::3002
2021-06-09 18:02:49.169 +02:00:     at Server.setupListenHandle [as _listen2] (net.js:1314:16)
2021-06-09 18:02:49.169 +02:00:     at listenInCluster (net.js:1362:12)
2021-06-09 18:02:49.169 +02:00:     at Server.listen (net.js:1448:7)
2021-06-09 18:02:49.169 +02:00:     at Object.<anonymous> (/Users/kjamroz/Documents/dev/nodepad/repo/jmrlab.3002/bin/index.js:9:4)
2021-06-09 18:02:49.169 +02:00:     at Module._compile (internal/modules/cjs/loader.js:1176:30)
2021-06-09 18:02:49.169 +02:00:     at Object.Module._extensions..js (internal/modules/cjs/loader.js:1196:10)
2021-06-09 18:02:49.169 +02:00:     at Module.load (internal/modules/cjs/loader.js:1040:32)
2021-06-09 18:02:49.169 +02:00:     at Function.Module._load (internal/modules/cjs/loader.js:929:14)
2021-06-09 18:02:49.169 +02:00:     at Object.<anonymous> (/Users/kjamroz/Documents/dev/nodepad/node_modules/pm2/lib/ProcessContainerFork.js:33:23)
2021-06-09 18:02:49.169 +02:00:     at Module._compile (internal/modules/cjs/loader.js:1176:30) {
2021-06-09 18:02:49.169 +02:00:   code: 'EADDRINUSE',
2021-06-09 18:02:49.169 +02:00:   errno: -48,
2021-06-09 18:02:49.169 +02:00:   syscall: 'listen',
2021-06-09 18:02:49.169 +02:00:   address: '::',
2021-06-09 18:02:49.169 +02:00:   port: 3002
2021-06-09 18:02:49.169 +02:00: }
2021-06-09 18:02:49.316 +02:00: Starting application jmrlab (port: 3002)...
2021-06-09 18:02:49.321 +02:00: Error: listen EADDRINUSE: address already in use :::3002
2021-06-09 18:02:49.321 +02:00:     at Server.setupListenHandle [as _listen2] (net.js:1314:16)
2021-06-09 18:02:49.321 +02:00:     at listenInCluster (net.js:1362:12)
2021-06-09 18:02:49.321 +02:00:     at Server.listen (net.js:1448:7)
2021-06-09 18:02:49.321 +02:00:     at Object.<anonymous> (/Users/kjamroz/Documents/dev/nodepad/repo/jmrlab.3002/bin/index.js:9:4)
2021-06-09 18:02:49.321 +02:00:     at Module._compile (internal/modules/cjs/loader.js:1176:30)
2021-06-09 18:02:49.321 +02:00:     at Object.Module._extensions..js (internal/modules/cjs/loader.js:1196:10)
2021-06-09 18:02:49.321 +02:00:     at Module.load (internal/modules/cjs/loader.js:1040:32)
2021-06-09 18:02:49.321 +02:00:     at Function.Module._load (internal/modules/cjs/loader.js:929:14)
2021-06-09 18:02:49.321 +02:00:     at Object.<anonymous> (/Users/kjamroz/Documents/dev/nodepad/node_modules/pm2/lib/ProcessContainerFork.js:33:23)
2021-06-09 18:02:49.321 +02:00:     at Module._compile (internal/modules/cjs/loader.js:1176:30) {
2021-06-09 18:02:49.321 +02:00:   code: 'EADDRINUSE',
2021-06-09 18:02:49.321 +02:00:   errno: -48,
2021-06-09 18:02:49.321 +02:00:   syscall: 'listen',
2021-06-09 18:02:49.321 +02:00:   address: '::',
2021-06-09 18:02:49.321 +02:00:   port: 3002
2021-06-09 18:02:49.321 +02:00: }
2021-06-09 18:02:49.506 +02:00: Starting application jmrlab (port: 3002)...
2021-06-09 18:02:49.511 +02:00: Error: listen EADDRINUSE: address already in use :::3002
2021-06-09 18:02:49.511 +02:00:     at Server.setupListenHandle [as _listen2] (net.js:1314:16)
2021-06-09 18:02:49.511 +02:00:     at listenInCluster (net.js:1362:12)
2021-06-09 18:02:49.511 +02:00:     at Server.listen (net.js:1448:7)
2021-06-09 18:02:49.511 +02:00:     at Object.<anonymous> (/Users/kjamroz/Documents/dev/nodepad/repo/jmrlab.3002/bin/index.js:9:4)
2021-06-09 18:02:49.511 +02:00:     at Module._compile (internal/modules/cjs/loader.js:1176:30)
2021-06-09 18:02:49.511 +02:00:     at Object.Module._extensions..js (internal/modules/cjs/loader.js:1196:10)
2021-06-09 18:02:49.511 +02:00:     at Module.load (internal/modules/cjs/loader.js:1040:32)
2021-06-09 18:02:49.511 +02:00:     at Function.Module._load (internal/modules/cjs/loader.js:929:14)
2021-06-09 18:02:49.511 +02:00:     at Object.<anonymous> (/Users/kjamroz/Documents/dev/nodepad/node_modules/pm2/lib/ProcessContainerFork.js:33:23)
2021-06-09 18:02:49.511 +02:00:     at Module._compile (internal/modules/cjs/loader.js:1176:30) {
2021-06-09 18:02:49.511 +02:00:   code: 'EADDRINUSE',
2021-06-09 18:02:49.511 +02:00:   errno: -48,
2021-06-09 18:02:49.511 +02:00:   syscall: 'listen',
2021-06-09 18:02:49.511 +02:00:   address: '::',
2021-06-09 18:02:49.511 +02:00:   port: 3002
2021-06-09 18:02:49.511 +02:00: }
2021-06-09 18:02:49.664 +02:00: Starting application jmrlab (port: 3002)...
2021-06-09 18:02:49.668 +02:00: Error: listen EADDRINUSE: address already in use :::3002
2021-06-09 18:02:49.668 +02:00:     at Server.setupListenHandle [as _listen2] (net.js:1314:16)
2021-06-09 18:02:49.668 +02:00:     at listenInCluster (net.js:1362:12)
2021-06-09 18:02:49.668 +02:00:     at Server.listen (net.js:1448:7)
2021-06-09 18:02:49.668 +02:00:     at Object.<anonymous> (/Users/kjamroz/Documents/dev/nodepad/repo/jmrlab.3002/bin/index.js:9:4)
2021-06-09 18:02:49.668 +02:00:     at Module._compile (internal/modules/cjs/loader.js:1176:30)
2021-06-09 18:02:49.668 +02:00:     at Object.Module._extensions..js (internal/modules/cjs/loader.js:1196:10)
2021-06-09 18:02:49.668 +02:00:     at Module.load (internal/modules/cjs/loader.js:1040:32)
2021-06-09 18:02:49.668 +02:00:     at Function.Module._load (internal/modules/cjs/loader.js:929:14)
2021-06-09 18:02:49.668 +02:00:     at Object.<anonymous> (/Users/kjamroz/Documents/dev/nodepad/node_modules/pm2/lib/ProcessContainerFork.js:33:23)
2021-06-09 18:02:49.668 +02:00:     at Module._compile (internal/modules/cjs/loader.js:1176:30) {
2021-06-09 18:02:49.668 +02:00:   code: 'EADDRINUSE',
2021-06-09 18:02:49.668 +02:00:   errno: -48,
2021-06-09 18:02:49.668 +02:00:   syscall: 'listen',
2021-06-09 18:02:49.668 +02:00:   address: '::',
2021-06-09 18:02:49.668 +02:00:   port: 3002
2021-06-09 18:02:49.668 +02:00: }
2021-06-09 18:02:49.816 +02:00: Starting application jmrlab (port: 3002)...
2021-06-09 18:02:49.820 +02:00: Error: listen EADDRINUSE: address already in use :::3002
2021-06-09 18:02:49.820 +02:00:     at Server.setupListenHandle [as _listen2] (net.js:1314:16)
2021-06-09 18:02:49.820 +02:00:     at listenInCluster (net.js:1362:12)
2021-06-09 18:02:49.820 +02:00:     at Server.listen (net.js:1448:7)
2021-06-09 18:02:49.820 +02:00:     at Object.<anonymous> (/Users/kjamroz/Documents/dev/nodepad/repo/jmrlab.3002/bin/index.js:9:4)
2021-06-09 18:02:49.820 +02:00:     at Module._compile (internal/modules/cjs/loader.js:1176:30)
2021-06-09 18:02:49.820 +02:00:     at Object.Module._extensions..js (internal/modules/cjs/loader.js:1196:10)
2021-06-09 18:02:49.820 +02:00:     at Module.load (internal/modules/cjs/loader.js:1040:32)
2021-06-09 18:02:49.820 +02:00:     at Function.Module._load (internal/modules/cjs/loader.js:929:14)
2021-06-09 18:02:49.820 +02:00:     at Object.<anonymous> (/Users/kjamroz/Documents/dev/nodepad/node_modules/pm2/lib/ProcessContainerFork.js:33:23)
2021-06-09 18:02:49.820 +02:00:     at Module._compile (internal/modules/cjs/loader.js:1176:30) {
2021-06-09 18:02:49.820 +02:00:   code: 'EADDRINUSE',
2021-06-09 18:02:49.820 +02:00:   errno: -48,
2021-06-09 18:02:49.820 +02:00:   syscall: 'listen',
2021-06-09 18:02:49.820 +02:00:   address: '::',
2021-06-09 18:02:49.820 +02:00:   port: 3002
2021-06-09 18:02:49.820 +02:00: }
2021-06-09 18:02:49.964 +02:00: Starting application jmrlab (port: 3002)...
2021-06-09 18:02:49.968 +02:00: Error: listen EADDRINUSE: address already in use :::3002
2021-06-09 18:02:49.968 +02:00:     at Server.setupListenHandle [as _listen2] (net.js:1314:16)
2021-06-09 18:02:49.968 +02:00:     at listenInCluster (net.js:1362:12)
2021-06-09 18:02:49.968 +02:00:     at Server.listen (net.js:1448:7)
2021-06-09 18:02:49.968 +02:00:     at Object.<anonymous> (/Users/kjamroz/Documents/dev/nodepad/repo/jmrlab.3002/bin/index.js:9:4)
2021-06-09 18:02:49.968 +02:00:     at Module._compile (internal/modules/cjs/loader.js:1176:30)
2021-06-09 18:02:49.968 +02:00:     at Object.Module._extensions..js (internal/modules/cjs/loader.js:1196:10)
2021-06-09 18:02:49.968 +02:00:     at Module.load (internal/modules/cjs/loader.js:1040:32)
2021-06-09 18:02:49.968 +02:00:     at Function.Module._load (internal/modules/cjs/loader.js:929:14)
2021-06-09 18:02:49.968 +02:00:     at Object.<anonymous> (/Users/kjamroz/Documents/dev/nodepad/node_modules/pm2/lib/ProcessContainerFork.js:33:23)
2021-06-09 18:02:49.968 +02:00:     at Module._compile (internal/modules/cjs/loader.js:1176:30) {
2021-06-09 18:02:49.968 +02:00:   code: 'EADDRINUSE',
2021-06-09 18:02:49.968 +02:00:   errno: -48,
2021-06-09 18:02:49.968 +02:00:   syscall: 'listen',
2021-06-09 18:02:49.968 +02:00:   address: '::',
2021-06-09 18:02:49.968 +02:00:   port: 3002
2021-06-09 18:02:49.968 +02:00: }
2021-06-09 18:02:50.112 +02:00: Starting application jmrlab (port: 3002)...
2021-06-09 18:02:50.116 +02:00: Error: listen EADDRINUSE: address already in use :::3002
2021-06-09 18:02:50.116 +02:00:     at Server.setupListenHandle [as _listen2] (net.js:1314:16)
2021-06-09 18:02:50.116 +02:00:     at listenInCluster (net.js:1362:12)
2021-06-09 18:02:50.116 +02:00:     at Server.listen (net.js:1448:7)
2021-06-09 18:02:50.116 +02:00:     at Object.<anonymous> (/Users/kjamroz/Documents/dev/nodepad/repo/jmrlab.3002/bin/index.js:9:4)
2021-06-09 18:02:50.116 +02:00:     at Module._compile (internal/modules/cjs/loader.js:1176:30)
2021-06-09 18:02:50.116 +02:00:     at Object.Module._extensions..js (internal/modules/cjs/loader.js:1196:10)
2021-06-09 18:02:50.116 +02:00:     at Module.load (internal/modules/cjs/loader.js:1040:32)
2021-06-09 18:02:50.116 +02:00:     at Function.Module._load (internal/modules/cjs/loader.js:929:14)
2021-06-09 18:02:50.116 +02:00:     at Object.<anonymous> (/Users/kjamroz/Documents/dev/nodepad/node_modules/pm2/lib/ProcessContainerFork.js:33:23)
2021-06-09 18:02:50.116 +02:00:     at Module._compile (internal/modules/cjs/loader.js:1176:30) {
2021-06-09 18:02:50.116 +02:00:   code: 'EADDRINUSE',
2021-06-09 18:02:50.116 +02:00:   errno: -48,
2021-06-09 18:02:50.116 +02:00:   syscall: 'listen',
2021-06-09 18:02:50.116 +02:00:   address: '::',
2021-06-09 18:02:50.116 +02:00:   port: 3002
2021-06-09 18:02:50.116 +02:00: }
2021-06-09 18:02:50.262 +02:00: Starting application jmrlab (port: 3002)...
2021-06-09 18:02:50.267 +02:00: Error: listen EADDRINUSE: address already in use :::3002
2021-06-09 18:02:50.267 +02:00:     at Server.setupListenHandle [as _listen2] (net.js:1314:16)
2021-06-09 18:02:50.267 +02:00:     at listenInCluster (net.js:1362:12)
2021-06-09 18:02:50.267 +02:00:     at Server.listen (net.js:1448:7)
2021-06-09 18:02:50.267 +02:00:     at Object.<anonymous> (/Users/kjamroz/Documents/dev/nodepad/repo/jmrlab.3002/bin/index.js:9:4)
2021-06-09 18:02:50.267 +02:00:     at Module._compile (internal/modules/cjs/loader.js:1176:30)
2021-06-09 18:02:50.267 +02:00:     at Object.Module._extensions..js (internal/modules/cjs/loader.js:1196:10)
2021-06-09 18:02:50.267 +02:00:     at Module.load (internal/modules/cjs/loader.js:1040:32)
2021-06-09 18:02:50.267 +02:00:     at Function.Module._load (internal/modules/cjs/loader.js:929:14)
2021-06-09 18:02:50.267 +02:00:     at Object.<anonymous> (/Users/kjamroz/Documents/dev/nodepad/node_modules/pm2/lib/ProcessContainerFork.js:33:23)
2021-06-09 18:02:50.267 +02:00:     at Module._compile (internal/modules/cjs/loader.js:1176:30) {
2021-06-09 18:02:50.267 +02:00:   code: 'EADDRINUSE',
2021-06-09 18:02:50.267 +02:00:   errno: -48,
2021-06-09 18:02:50.267 +02:00:   syscall: 'listen',
2021-06-09 18:02:50.267 +02:00:   address: '::',
2021-06-09 18:02:50.267 +02:00:   port: 3002
2021-06-09 18:02:50.267 +02:00: }
2021-06-09 18:02:50.415 +02:00: Starting application jmrlab (port: 3002)...
2021-06-09 18:02:50.419 +02:00: Error: listen EADDRINUSE: address already in use :::3002
2021-06-09 18:02:50.419 +02:00:     at Server.setupListenHandle [as _listen2] (net.js:1314:16)
2021-06-09 18:02:50.419 +02:00:     at listenInCluster (net.js:1362:12)
2021-06-09 18:02:50.419 +02:00:     at Server.listen (net.js:1448:7)
2021-06-09 18:02:50.419 +02:00:     at Object.<anonymous> (/Users/kjamroz/Documents/dev/nodepad/repo/jmrlab.3002/bin/index.js:9:4)
2021-06-09 18:02:50.419 +02:00:     at Module._compile (internal/modules/cjs/loader.js:1176:30)
2021-06-09 18:02:50.419 +02:00:     at Object.Module._extensions..js (internal/modules/cjs/loader.js:1196:10)
2021-06-09 18:02:50.419 +02:00:     at Module.load (internal/modules/cjs/loader.js:1040:32)
2021-06-09 18:02:50.419 +02:00:     at Function.Module._load (internal/modules/cjs/loader.js:929:14)
2021-06-09 18:02:50.419 +02:00:     at Object.<anonymous> (/Users/kjamroz/Documents/dev/nodepad/node_modules/pm2/lib/ProcessContainerFork.js:33:23)
2021-06-09 18:02:50.419 +02:00:     at Module._compile (internal/modules/cjs/loader.js:1176:30) {
2021-06-09 18:02:50.419 +02:00:   code: 'EADDRINUSE',
2021-06-09 18:02:50.419 +02:00:   errno: -48,
2021-06-09 18:02:50.419 +02:00:   syscall: 'listen',
2021-06-09 18:02:50.419 +02:00:   address: '::',
2021-06-09 18:02:50.419 +02:00:   port: 3002
2021-06-09 18:02:50.419 +02:00: }
2021-06-09 18:02:50.564 +02:00: Starting application jmrlab (port: 3002)...
2021-06-09 18:02:50.568 +02:00: Error: listen EADDRINUSE: address already in use :::3002
2021-06-09 18:02:50.569 +02:00:     at Server.setupListenHandle [as _listen2] (net.js:1314:16)
2021-06-09 18:02:50.569 +02:00:     at listenInCluster (net.js:1362:12)
2021-06-09 18:02:50.569 +02:00:     at Server.listen (net.js:1448:7)
2021-06-09 18:02:50.569 +02:00:     at Object.<anonymous> (/Users/kjamroz/Documents/dev/nodepad/repo/jmrlab.3002/bin/index.js:9:4)
2021-06-09 18:02:50.569 +02:00:     at Module._compile (internal/modules/cjs/loader.js:1176:30)
2021-06-09 18:02:50.569 +02:00:     at Object.Module._extensions..js (internal/modules/cjs/loader.js:1196:10)
2021-06-09 18:02:50.569 +02:00:     at Module.load (internal/modules/cjs/loader.js:1040:32)
2021-06-09 18:02:50.569 +02:00:     at Function.Module._load (internal/modules/cjs/loader.js:929:14)
2021-06-09 18:02:50.569 +02:00:     at Object.<anonymous> (/Users/kjamroz/Documents/dev/nodepad/node_modules/pm2/lib/ProcessContainerFork.js:33:23)
2021-06-09 18:02:50.569 +02:00:     at Module._compile (internal/modules/cjs/loader.js:1176:30) {
2021-06-09 18:02:50.569 +02:00:   code: 'EADDRINUSE',
2021-06-09 18:02:50.569 +02:00:   errno: -48,
2021-06-09 18:02:50.569 +02:00:   syscall: 'listen',
2021-06-09 18:02:50.569 +02:00:   address: '::',
2021-06-09 18:02:50.569 +02:00:   port: 3002
2021-06-09 18:02:50.569 +02:00: }
2021-06-09 18:02:50.715 +02:00: Starting application jmrlab (port: 3002)...
2021-06-09 18:02:50.719 +02:00: Error: listen EADDRINUSE: address already in use :::3002
2021-06-09 18:02:50.719 +02:00:     at Server.setupListenHandle [as _listen2] (net.js:1314:16)
2021-06-09 18:02:50.719 +02:00:     at listenInCluster (net.js:1362:12)
2021-06-09 18:02:50.719 +02:00:     at Server.listen (net.js:1448:7)
2021-06-09 18:02:50.719 +02:00:     at Object.<anonymous> (/Users/kjamroz/Documents/dev/nodepad/repo/jmrlab.3002/bin/index.js:9:4)
2021-06-09 18:02:50.719 +02:00:     at Module._compile (internal/modules/cjs/loader.js:1176:30)
2021-06-09 18:02:50.719 +02:00:     at Object.Module._extensions..js (internal/modules/cjs/loader.js:1196:10)
2021-06-09 18:02:50.719 +02:00:     at Module.load (internal/modules/cjs/loader.js:1040:32)
2021-06-09 18:02:50.719 +02:00:     at Function.Module._load (internal/modules/cjs/loader.js:929:14)
2021-06-09 18:02:50.719 +02:00:     at Object.<anonymous> (/Users/kjamroz/Documents/dev/nodepad/node_modules/pm2/lib/ProcessContainerFork.js:33:23)
2021-06-09 18:02:50.719 +02:00:     at Module._compile (internal/modules/cjs/loader.js:1176:30) {
2021-06-09 18:02:50.719 +02:00:   code: 'EADDRINUSE',
2021-06-09 18:02:50.719 +02:00:   errno: -48,
2021-06-09 18:02:50.719 +02:00:   syscall: 'listen',
2021-06-09 18:02:50.719 +02:00:   address: '::',
2021-06-09 18:02:50.719 +02:00:   port: 3002
2021-06-09 18:02:50.719 +02:00: }
2021-06-09 18:02:50.866 +02:00: Starting application jmrlab (port: 3002)...
2021-06-09 18:02:50.871 +02:00: Error: listen EADDRINUSE: address already in use :::3002
2021-06-09 18:02:50.871 +02:00:     at Server.setupListenHandle [as _listen2] (net.js:1314:16)
2021-06-09 18:02:50.871 +02:00:     at listenInCluster (net.js:1362:12)
2021-06-09 18:02:50.871 +02:00:     at Server.listen (net.js:1448:7)
2021-06-09 18:02:50.871 +02:00:     at Object.<anonymous> (/Users/kjamroz/Documents/dev/nodepad/repo/jmrlab.3002/bin/index.js:9:4)
2021-06-09 18:02:50.871 +02:00:     at Module._compile (internal/modules/cjs/loader.js:1176:30)
2021-06-09 18:02:50.871 +02:00:     at Object.Module._extensions..js (internal/modules/cjs/loader.js:1196:10)
2021-06-09 18:02:50.871 +02:00:     at Module.load (internal/modules/cjs/loader.js:1040:32)
2021-06-09 18:02:50.871 +02:00:     at Function.Module._load (internal/modules/cjs/loader.js:929:14)
2021-06-09 18:02:50.871 +02:00:     at Object.<anonymous> (/Users/kjamroz/Documents/dev/nodepad/node_modules/pm2/lib/ProcessContainerFork.js:33:23)
2021-06-09 18:02:50.871 +02:00:     at Module._compile (internal/modules/cjs/loader.js:1176:30) {
2021-06-09 18:02:50.871 +02:00:   code: 'EADDRINUSE',
2021-06-09 18:02:50.871 +02:00:   errno: -48,
2021-06-09 18:02:50.871 +02:00:   syscall: 'listen',
2021-06-09 18:02:50.871 +02:00:   address: '::',
2021-06-09 18:02:50.871 +02:00:   port: 3002
2021-06-09 18:02:50.871 +02:00: }
2021-06-09 18:02:51.035 +02:00: Starting application jmrlab (port: 3002)...
2021-06-09 18:02:51.039 +02:00: Error: listen EADDRINUSE: address already in use :::3002
2021-06-09 18:02:51.039 +02:00:     at Server.setupListenHandle [as _listen2] (net.js:1314:16)
2021-06-09 18:02:51.039 +02:00:     at listenInCluster (net.js:1362:12)
2021-06-09 18:02:51.039 +02:00:     at Server.listen (net.js:1448:7)
2021-06-09 18:02:51.039 +02:00:     at Object.<anonymous> (/Users/kjamroz/Documents/dev/nodepad/repo/jmrlab.3002/bin/index.js:9:4)
2021-06-09 18:02:51.039 +02:00:     at Module._compile (internal/modules/cjs/loader.js:1176:30)
2021-06-09 18:02:51.039 +02:00:     at Object.Module._extensions..js (internal/modules/cjs/loader.js:1196:10)
2021-06-09 18:02:51.039 +02:00:     at Module.load (internal/modules/cjs/loader.js:1040:32)
2021-06-09 18:02:51.039 +02:00:     at Function.Module._load (internal/modules/cjs/loader.js:929:14)
2021-06-09 18:02:51.039 +02:00:     at Object.<anonymous> (/Users/kjamroz/Documents/dev/nodepad/node_modules/pm2/lib/ProcessContainerFork.js:33:23)
2021-06-09 18:02:51.039 +02:00:     at Module._compile (internal/modules/cjs/loader.js:1176:30) {
2021-06-09 18:02:51.039 +02:00:   code: 'EADDRINUSE',
2021-06-09 18:02:51.040 +02:00:   errno: -48,
2021-06-09 18:02:51.040 +02:00:   syscall: 'listen',
2021-06-09 18:02:51.040 +02:00:   address: '::',
2021-06-09 18:02:51.040 +02:00:   port: 3002
2021-06-09 18:02:51.040 +02:00: }
